<?xml version="1.0" encoding="UTF-8"?>
<!-- Generated by org.testng.reporters.JUnitXMLReporter -->
<testsuite hostname="Chitras-MacBook-Pro.local" ignored="0" name="Command line test" tests="572" failures="0" timestamp="2020-11-30T18:39:14 IST" time="7.087" errors="0">
  <testcase name="testAddRuleNoOptions" time="0.956" classname="com.ibm.analytics.mdm.v0.MdmTest"/>
  <testcase name="testAddRuleWOptions" time="0.709" classname="com.ibm.analytics.mdm.v0.MdmTest"/>
  <testcase name="testBulkLoadNoOptions" time="0.006" classname="com.ibm.analytics.mdm.v0.MdmTest"/>
  <testcase name="testBulkLoadWOptions" time="0.067" classname="com.ibm.analytics.mdm.v0.MdmTest"/>
  <testcase name="testCloudDeriveJobNoOptions" time="0.004" classname="com.ibm.analytics.mdm.v0.MdmTest"/>
  <testcase name="testCloudDeriveJobWOptions" time="0.027" classname="com.ibm.analytics.mdm.v0.MdmTest"/>
  <testcase name="testCloudMatchJobNoOptions" time="0.003" classname="com.ibm.analytics.mdm.v0.MdmTest"/>
  <testcase name="testCloudMatchJobWOptions" time="0.017" classname="com.ibm.analytics.mdm.v0.MdmTest"/>
  <testcase name="testCloudReportIndexNoOptions" time="0.003" classname="com.ibm.analytics.mdm.v0.MdmTest"/>
  <testcase name="testCloudReportIndexWOptions" time="0.015" classname="com.ibm.analytics.mdm.v0.MdmTest"/>
  <testcase name="testCompareIndexNoOptions" time="0.003" classname="com.ibm.analytics.mdm.v0.MdmTest"/>
  <testcase name="testCompareIndexWOptions" time="0.07" classname="com.ibm.analytics.mdm.v0.MdmTest"/>
  <testcase name="testConstructorWithNullAuthenticator" time="0.198" classname="com.ibm.analytics.mdm.v0.MdmTest"/>
  <testcase name="testCreateProjectAssetNoOptions" time="0.003" classname="com.ibm.analytics.mdm.v0.MdmTest"/>
  <testcase name="testCreateProjectAssetWOptions" time="0.017" classname="com.ibm.analytics.mdm.v0.MdmTest"/>
  <testcase name="testDataCleanUpJobNoOptions" time="0.003" classname="com.ibm.analytics.mdm.v0.MdmTest"/>
  <testcase name="testDataCleanUpJobWOptions" time="0.017" classname="com.ibm.analytics.mdm.v0.MdmTest"/>
  <testcase name="testDataCreateRecordNoOptions" time="0.002" classname="com.ibm.analytics.mdm.v0.MdmTest"/>
  <testcase name="testDataCreateRecordWOptions" time="0.025" classname="com.ibm.analytics.mdm.v0.MdmTest"/>
  <testcase name="testDataDeleteRecordNoOptions" time="0.006" classname="com.ibm.analytics.mdm.v0.MdmTest"/>
  <testcase name="testDataDeleteRecordWOptions" time="0.017" classname="com.ibm.analytics.mdm.v0.MdmTest"/>
  <testcase name="testDataGenerateBucketCredentialsWOptions" time="0.017" classname="com.ibm.analytics.mdm.v0.MdmTest"/>
  <testcase name="testDataGetEntitiesForRecordNoOptions" time="0.004" classname="com.ibm.analytics.mdm.v0.MdmTest"/>
  <testcase name="testDataGetEntitiesForRecordWOptions" time="0.024" classname="com.ibm.analytics.mdm.v0.MdmTest"/>
  <testcase name="testDataGetEntityNoOptions" time="0.003" classname="com.ibm.analytics.mdm.v0.MdmTest"/>
  <testcase name="testDataGetEntityWOptions" time="0.017" classname="com.ibm.analytics.mdm.v0.MdmTest"/>
  <testcase name="testDataGetExportDownloadNoOptions" time="0.003" classname="com.ibm.analytics.mdm.v0.MdmTest"/>
  <testcase name="testDataGetExportDownloadWOptions" time="0.014" classname="com.ibm.analytics.mdm.v0.MdmTest"/>
  <testcase name="testDataGetExportNoOptions" time="0.003" classname="com.ibm.analytics.mdm.v0.MdmTest"/>
  <testcase name="testDataGetExportWOptions" time="0.073" classname="com.ibm.analytics.mdm.v0.MdmTest"/>
  <testcase name="testDataGetExportsWOptions" time="0.019" classname="com.ibm.analytics.mdm.v0.MdmTest"/>
  <testcase name="testDataGetGraphStatisticsWOptions" time="0.016" classname="com.ibm.analytics.mdm.v0.MdmTest"/>
  <testcase name="testDataGetJobNoOptions" time="0.003" classname="com.ibm.analytics.mdm.v0.MdmTest"/>
  <testcase name="testDataGetJobWOptions" time="0.021" classname="com.ibm.analytics.mdm.v0.MdmTest"/>
  <testcase name="testDataGetJobsWOptions" time="0.019" classname="com.ibm.analytics.mdm.v0.MdmTest"/>
  <testcase name="testDataGetRecordNoOptions" time="0.003" classname="com.ibm.analytics.mdm.v0.MdmTest"/>
  <testcase name="testDataGetRecordWOptions" time="0.013" classname="com.ibm.analytics.mdm.v0.MdmTest"/>
  <testcase name="testDataGetRecordsForEntityNoOptions" time="0.002" classname="com.ibm.analytics.mdm.v0.MdmTest"/>
  <testcase name="testDataGetRecordsForEntityWOptions" time="0.017" classname="com.ibm.analytics.mdm.v0.MdmTest"/>
  <testcase name="testDataGetRecordsWOptions" time="0.013" classname="com.ibm.analytics.mdm.v0.MdmTest"/>
  <testcase name="testDataGetRelatedRecordsForEntityNoOptions" time="0.003" classname="com.ibm.analytics.mdm.v0.MdmTest"/>
  <testcase name="testDataGetRelatedRecordsForEntityWOptions" time="0.022" classname="com.ibm.analytics.mdm.v0.MdmTest"/>
  <testcase name="testDataGetRelatedRecordsForRecordNoOptions" time="0.002" classname="com.ibm.analytics.mdm.v0.MdmTest"/>
  <testcase name="testDataGetRelatedRecordsForRecordWOptions" time="0.015" classname="com.ibm.analytics.mdm.v0.MdmTest"/>
  <testcase name="testDataGetRelationshipForRecordNoOptions" time="0.002" classname="com.ibm.analytics.mdm.v0.MdmTest"/>
  <testcase name="testDataGetRelationshipForRecordWOptions" time="0.02" classname="com.ibm.analytics.mdm.v0.MdmTest"/>
  <testcase name="testDataGetRelationshipsForRecordNoOptions" time="0.001" classname="com.ibm.analytics.mdm.v0.MdmTest"/>
  <testcase name="testDataGetRelationshipsForRecordWOptions" time="0.018" classname="com.ibm.analytics.mdm.v0.MdmTest"/>
  <testcase name="testDataGetSchemaWOptions" time="0.015" classname="com.ibm.analytics.mdm.v0.MdmTest"/>
  <testcase name="testDataGetStorageMetadataWOptions" time="0.015" classname="com.ibm.analytics.mdm.v0.MdmTest"/>
  <testcase name="testDataGetSubgraphWOptions" time="0.028" classname="com.ibm.analytics.mdm.v0.MdmTest"/>
  <testcase name="testDataRevokeBucketCredentialsWOptions" time="0.029" classname="com.ibm.analytics.mdm.v0.MdmTest"/>
  <testcase name="testDataRunBulkLoadWOptions" time="0.06" classname="com.ibm.analytics.mdm.v0.MdmTest"/>
  <testcase name="testDataRunBulkUpdateWOptions" time="0.035" classname="com.ibm.analytics.mdm.v0.MdmTest"/>
  <testcase name="testDataRunExportWOptions" time="0.023" classname="com.ibm.analytics.mdm.v0.MdmTest"/>
  <testcase name="testDataSearchNoOptions" time="0.002" classname="com.ibm.analytics.mdm.v0.MdmTest"/>
  <testcase name="testDataSearchWOptions" time="0.021" classname="com.ibm.analytics.mdm.v0.MdmTest"/>
  <testcase name="testDataStopJobNoOptions" time="0.002" classname="com.ibm.analytics.mdm.v0.MdmTest"/>
  <testcase name="testDataStopJobWOptions" time="0.023" classname="com.ibm.analytics.mdm.v0.MdmTest"/>
  <testcase name="testDataUpdateRecordNoOptions" time="0.003" classname="com.ibm.analytics.mdm.v0.MdmTest"/>
  <testcase name="testDataUpdateRecordWOptions" time="0.089" classname="com.ibm.analytics.mdm.v0.MdmTest"/>
  <testcase name="testDataUpdateSchemaWOptions" time="0.015" classname="com.ibm.analytics.mdm.v0.MdmTest"/>
  <testcase name="testDeleteIndexNoOptions" time="0.003" classname="com.ibm.analytics.mdm.v0.MdmTest"/>
  <testcase name="testDeleteIndexWOptions" time="0.02" classname="com.ibm.analytics.mdm.v0.MdmTest"/>
  <testcase name="testDeriveIndexNoOptions" time="0.002" classname="com.ibm.analytics.mdm.v0.MdmTest"/>
  <testcase name="testDeriveIndexWOptions" time="0.053" classname="com.ibm.analytics.mdm.v0.MdmTest"/>
  <testcase name="testGetCloudJobSummaryNoOptions" time="0.003" classname="com.ibm.analytics.mdm.v0.MdmTest"/>
  <testcase name="testGetCloudJobSummaryWOptions" time="0.025" classname="com.ibm.analytics.mdm.v0.MdmTest"/>
  <testcase name="testGetConfigDataModelAttributesNoOptions" time="0.002" classname="com.ibm.analytics.mdm.v0.MdmTest"/>
  <testcase name="testGetConfigDataModelAttributesWOptions" time="0.023" classname="com.ibm.analytics.mdm.v0.MdmTest"/>
  <testcase name="testGetConfigDataModelNoOptions" time="0.002" classname="com.ibm.analytics.mdm.v0.MdmTest"/>
  <testcase name="testGetConfigDataModelWOptions" time="0.127" classname="com.ibm.analytics.mdm.v0.MdmTest"/>
  <testcase name="testGetCrn" time="0.002" classname="com.ibm.analytics.mdm.v0.MdmTest"/>
  <testcase name="testGetIndexNoOptions" time="0.002" classname="com.ibm.analytics.mdm.v0.MdmTest"/>
  <testcase name="testGetIndexWOptions" time="0.014" classname="com.ibm.analytics.mdm.v0.MdmTest"/>
  <testcase name="testGetMatchingStatisticsNoOptions" time="0.002" classname="com.ibm.analytics.mdm.v0.MdmTest"/>
  <testcase name="testGetMatchingStatisticsWOptions" time="0.026" classname="com.ibm.analytics.mdm.v0.MdmTest"/>
  <testcase name="testGetProcessStatusNoOptions" time="0.001" classname="com.ibm.analytics.mdm.v0.MdmTest"/>
  <testcase name="testGetProcessStatusWOptions" time="0.018" classname="com.ibm.analytics.mdm.v0.MdmTest"/>
  <testcase name="testGetProjectMetadataNoOptions" time="0.001" classname="com.ibm.analytics.mdm.v0.MdmTest"/>
  <testcase name="testGetProjectMetadataWOptions" time="0.017" classname="com.ibm.analytics.mdm.v0.MdmTest"/>
  <testcase name="testGetRecordsNoOptions" time="0.004" classname="com.ibm.analytics.mdm.v0.MdmTest"/>
  <testcase name="testGetRecordsWOptions" time="0.019" classname="com.ibm.analytics.mdm.v0.MdmTest"/>
  <testcase name="testIndexServiceResetNoOptions" time="0.002" classname="com.ibm.analytics.mdm.v0.MdmTest"/>
  <testcase name="testIndexServiceResetWOptions" time="0.014" classname="com.ibm.analytics.mdm.v0.MdmTest"/>
  <testcase name="testIndexSummaryNoOptions" time="0.002" classname="com.ibm.analytics.mdm.v0.MdmTest"/>
  <testcase name="testIndexSummaryWOptions" time="0.021" classname="com.ibm.analytics.mdm.v0.MdmTest"/>
  <testcase name="testInitiateMatchingNoOptions" time="0.002" classname="com.ibm.analytics.mdm.v0.MdmTest"/>
  <testcase name="testInitiateMatchingWOptions" time="0.019" classname="com.ibm.analytics.mdm.v0.MdmTest"/>
  <testcase name="testListEntityNoOptions" time="0.002" classname="com.ibm.analytics.mdm.v0.MdmTest"/>
  <testcase name="testListEntityWOptions" time="0.021" classname="com.ibm.analytics.mdm.v0.MdmTest"/>
  <testcase name="testListProjectsNoOptions" time="0.001" classname="com.ibm.analytics.mdm.v0.MdmTest"/>
  <testcase name="testListProjectsWOptions" time="0.021" classname="com.ibm.analytics.mdm.v0.MdmTest"/>
  <testcase name="testMatchIndexNoOptions" time="0.002" classname="com.ibm.analytics.mdm.v0.MdmTest"/>
  <testcase name="testMatchIndexWOptions" time="0.024" classname="com.ibm.analytics.mdm.v0.MdmTest"/>
  <testcase name="testModelDeleteFlowNoOptions" time="0.001" classname="com.ibm.analytics.mdm.v0.MdmTest"/>
  <testcase name="testModelDeleteFlowWOptions" time="0.017" classname="com.ibm.analytics.mdm.v0.MdmTest"/>
  <testcase name="testModelGetAlgorithmNoOptions" time="0.002" classname="com.ibm.analytics.mdm.v0.MdmTest"/>
  <testcase name="testModelGetAlgorithmWOptions" time="0.102" classname="com.ibm.analytics.mdm.v0.MdmTest"/>
  <testcase name="testModelGetComparespecResourceNoOptions" time="0.002" classname="com.ibm.analytics.mdm.v0.MdmTest"/>
  <testcase name="testModelGetComparespecResourceWOptions" time="0.03" classname="com.ibm.analytics.mdm.v0.MdmTest"/>
  <testcase name="testModelGetCompositeRulesNoOptions" time="0.002" classname="com.ibm.analytics.mdm.v0.MdmTest"/>
  <testcase name="testModelGetCompositeRulesWOptions" time="0.037" classname="com.ibm.analytics.mdm.v0.MdmTest"/>
  <testcase name="testModelGetDataModelNoOptions" time="0.001" classname="com.ibm.analytics.mdm.v0.MdmTest"/>
  <testcase name="testModelGetDataModelWOptions" time="0.118" classname="com.ibm.analytics.mdm.v0.MdmTest"/>
  <testcase name="testModelGetFlowByIdNoOptions" time="0.001" classname="com.ibm.analytics.mdm.v0.MdmTest"/>
  <testcase name="testModelGetFlowByIdWOptions" time="0.035" classname="com.ibm.analytics.mdm.v0.MdmTest"/>
  <testcase name="testModelGetInstanceMetadataNoOptions" time="0.002" classname="com.ibm.analytics.mdm.v0.MdmTest"/>
  <testcase name="testModelGetInstanceMetadataWOptions" time="0.042" classname="com.ibm.analytics.mdm.v0.MdmTest"/>
  <testcase name="testModelGetMapResourceNoOptions" time="0.002" classname="com.ibm.analytics.mdm.v0.MdmTest"/>
  <testcase name="testModelGetMapResourceWOptions" time="0.023" classname="com.ibm.analytics.mdm.v0.MdmTest"/>
  <testcase name="testModelGetSetResourceNoOptions" time="0.002" classname="com.ibm.analytics.mdm.v0.MdmTest"/>
  <testcase name="testModelGetSetResourceWOptions" time="0.025" classname="com.ibm.analytics.mdm.v0.MdmTest"/>
  <testcase name="testModelListComparespecResouresNoOptions" time="0.008" classname="com.ibm.analytics.mdm.v0.MdmTest"/>
  <testcase name="testModelListComparespecResouresWOptions" time="0.032" classname="com.ibm.analytics.mdm.v0.MdmTest"/>
  <testcase name="testModelListMapResourcesNoOptions" time="0.004" classname="com.ibm.analytics.mdm.v0.MdmTest"/>
  <testcase name="testModelListMapResourcesWOptions" time="0.017" classname="com.ibm.analytics.mdm.v0.MdmTest"/>
  <testcase name="testModelListSetResourcesNoOptions" time="0.002" classname="com.ibm.analytics.mdm.v0.MdmTest"/>
  <testcase name="testModelListSetResourcesWOptions" time="0.014" classname="com.ibm.analytics.mdm.v0.MdmTest"/>
  <testcase name="testModelModifyDataModelNoOptions" time="0.001" classname="com.ibm.analytics.mdm.v0.MdmTest"/>
  <testcase name="testModelModifyDataModelWOptions" time="0.107" classname="com.ibm.analytics.mdm.v0.MdmTest"/>
  <testcase name="testModelModifyInstanceMetadataNoOptions" time="0.002" classname="com.ibm.analytics.mdm.v0.MdmTest"/>
  <testcase name="testModelModifyInstanceMetadataWOptions" time="0.02" classname="com.ibm.analytics.mdm.v0.MdmTest"/>
  <testcase name="testModelPatchDataModelNoOptions" time="0.002" classname="com.ibm.analytics.mdm.v0.MdmTest"/>
  <testcase name="testModelPatchDataModelWOptions" time="0.038" classname="com.ibm.analytics.mdm.v0.MdmTest"/>
  <testcase name="testModelPatchFlowNoOptions" time="0.002" classname="com.ibm.analytics.mdm.v0.MdmTest"/>
  <testcase name="testModelPatchFlowWOptions" time="0.014" classname="com.ibm.analytics.mdm.v0.MdmTest"/>
  <testcase name="testModelReplaceAlgorithmNoOptions" time="0.002" classname="com.ibm.analytics.mdm.v0.MdmTest"/>
  <testcase name="testModelReplaceAlgorithmWOptions" time="0.1" classname="com.ibm.analytics.mdm.v0.MdmTest"/>
  <testcase name="testModelReplaceMapResourceNoOptions" time="0.002" classname="com.ibm.analytics.mdm.v0.MdmTest"/>
  <testcase name="testModelReplaceMapResourceWOptions" time="0.034" classname="com.ibm.analytics.mdm.v0.MdmTest"/>
  <testcase name="testModelReplaceSetResourceNoOptions" time="0.001" classname="com.ibm.analytics.mdm.v0.MdmTest"/>
  <testcase name="testModelReplaceSetResourceWOptions" time="0.027" classname="com.ibm.analytics.mdm.v0.MdmTest"/>
  <testcase name="testModelReplaceSpecResourceNoOptions" time="0.002" classname="com.ibm.analytics.mdm.v0.MdmTest"/>
  <testcase name="testModelReplaceSpecResourceWOptions" time="0.034" classname="com.ibm.analytics.mdm.v0.MdmTest"/>
  <testcase name="testModelUpdateAlgorithmNoOptions" time="0.001" classname="com.ibm.analytics.mdm.v0.MdmTest"/>
  <testcase name="testModelUpdateAlgorithmWOptions" time="0.02" classname="com.ibm.analytics.mdm.v0.MdmTest"/>
  <testcase name="testModelUpdateCompositeRulesNoOptions" time="0.001" classname="com.ibm.analytics.mdm.v0.MdmTest"/>
  <testcase name="testModelUpdateCompositeRulesWOptions" time="0.039" classname="com.ibm.analytics.mdm.v0.MdmTest"/>
  <testcase name="testPreviewRulesNoOptions" time="0.003" classname="com.ibm.analytics.mdm.v0.MdmTest"/>
  <testcase name="testPreviewRulesWOptions" time="0.015" classname="com.ibm.analytics.mdm.v0.MdmTest"/>
  <testcase name="testPublishModelNoOptions" time="0.001" classname="com.ibm.analytics.mdm.v0.MdmTest"/>
  <testcase name="testPublishModelWOptions" time="0.017" classname="com.ibm.analytics.mdm.v0.MdmTest"/>
  <testcase name="testPutConfigDataModelNoOptions" time="0.002" classname="com.ibm.analytics.mdm.v0.MdmTest"/>
  <testcase name="testPutConfigDataModelWOptions" time="0.081" classname="com.ibm.analytics.mdm.v0.MdmTest"/>
  <testcase name="testRemoveRuleNoOptions" time="0.001" classname="com.ibm.analytics.mdm.v0.MdmTest"/>
  <testcase name="testRemoveRuleWOptions" time="0.013" classname="com.ibm.analytics.mdm.v0.MdmTest"/>
  <testcase name="testReplaceProjectAssetNoOptions" time="0.001" classname="com.ibm.analytics.mdm.v0.MdmTest"/>
  <testcase name="testReplaceProjectAssetWOptions" time="0.012" classname="com.ibm.analytics.mdm.v0.MdmTest"/>
  <testcase name="testReplaceProjectMetadataNoOptions" time="0.002" classname="com.ibm.analytics.mdm.v0.MdmTest"/>
  <testcase name="testReplaceProjectMetadataWOptions" time="0.013" classname="com.ibm.analytics.mdm.v0.MdmTest"/>
  <testcase name="testRetrieveRulesFromRecidNoOptions" time="0.002" classname="com.ibm.analytics.mdm.v0.MdmTest"/>
  <testcase name="testRetrieveRulesFromRecidWOptions" time="0.012" classname="com.ibm.analytics.mdm.v0.MdmTest"/>
  <testcase name="testRetrieveRulesNoOptions" time="0.002" classname="com.ibm.analytics.mdm.v0.MdmTest"/>
  <testcase name="testRetrieveRulesWOptions" time="0.015" classname="com.ibm.analytics.mdm.v0.MdmTest"/>
  <testcase name="testSearchIndexNoOptions" time="0.002" classname="com.ibm.analytics.mdm.v0.MdmTest"/>
  <testcase name="testSearchIndexWOptions" time="0.034" classname="com.ibm.analytics.mdm.v0.MdmTest"/>
  <testcase name="testSuggestDataMappingsNoOptions" time="0.002" classname="com.ibm.analytics.mdm.v0.MdmTest"/>
  <testcase name="testSuggestDataMappingsWOptions" time="0.038" classname="com.ibm.analytics.mdm.v0.MdmTest"/>
  <testcase name="testSuggestMatchingAttributesNoOptions" time="0.002" classname="com.ibm.analytics.mdm.v0.MdmTest"/>
  <testcase name="testSuggestMatchingAttributesWOptions" time="0.026" classname="com.ibm.analytics.mdm.v0.MdmTest"/>
  <testcase name="testUpdateProjectMetadataNoOptions" time="0.002" classname="com.ibm.analytics.mdm.v0.MdmTest"/>
  <testcase name="testUpdateProjectMetadataWOptions" time="0.03" classname="com.ibm.analytics.mdm.v0.MdmTest"/>
  <testcase name="testAlgorithmInput" time="0.014" classname="com.ibm.analytics.mdm.v0.model.AlgorithmInputTest"/>
  <testcase name="testAlgorithmInputError" time="0.0" classname="com.ibm.analytics.mdm.v0.model.AlgorithmInputTest"/>
  <testcase name="testProcessStatus" time="0.001" classname="com.ibm.analytics.mdm.v0.model.ProcessStatusTest"/>
  <testcase name="testIndexServiceResetOptions" time="0.0" classname="com.ibm.analytics.mdm.v0.model.IndexServiceResetOptionsTest"/>
  <testcase name="testIndexServiceResetOptionsError" time="0.001" classname="com.ibm.analytics.mdm.v0.model.IndexServiceResetOptionsTest"/>
  <testcase name="testAssetMapping" time="0.003" classname="com.ibm.analytics.mdm.v0.model.AssetMappingTest"/>
  <testcase name="testMatchAttribute" time="0.0" classname="com.ibm.analytics.mdm.v0.model.MatchAttributeTest"/>
  <testcase name="testRulesResponseEntityRule" time="0.0" classname="com.ibm.analytics.mdm.v0.model.RulesResponseEntityRuleTest"/>
  <testcase name="testGetRecordKeys" time="0.0" classname="com.ibm.analytics.mdm.v0.model.GetRecordKeysTest"/>
  <testcase name="testDataSourceDetailsRequest" time="0.001" classname="com.ibm.analytics.mdm.v0.model.DataSourceDetailsRequestTest"/>
  <testcase name="testDataModelRelationshipTypeSystemProperties" time="0.005" classname="com.ibm.analytics.mdm.v0.model.DataModelRelationshipTypeSystemPropertiesTest"/>
  <testcase name="testDataModelRelationshipTypeSystemPropertiesError" time="0.0" classname="com.ibm.analytics.mdm.v0.model.DataModelRelationshipTypeSystemPropertiesTest"/>
  <testcase name="testAttributeType" time="0.004" classname="com.ibm.analytics.mdm.v0.model.AttributeTypeTest"/>
  <testcase name="testAttributeTypeError" time="0.0" classname="com.ibm.analytics.mdm.v0.model.AttributeTypeTest"/>
  <testcase name="testPutAlgorithmResponseCompareStep" time="0.0" classname="com.ibm.analytics.mdm.v0.model.PutAlgorithmResponseCompareStepTest"/>
  <testcase name="testDataCleanUpJobOptions" time="0.0" classname="com.ibm.analytics.mdm.v0.model.DataCleanUpJobOptionsTest"/>
  <testcase name="testDataCleanUpJobOptionsError" time="0.0" classname="com.ibm.analytics.mdm.v0.model.DataCleanUpJobOptionsTest"/>
  <testcase name="testModelGetAlgorithmOptions" time="0.001" classname="com.ibm.analytics.mdm.v0.model.ModelGetAlgorithmOptionsTest"/>
  <testcase name="testModelGetAlgorithmOptionsError" time="0.0" classname="com.ibm.analytics.mdm.v0.model.ModelGetAlgorithmOptionsTest"/>
  <testcase name="testCreateProjectAssetOptions" time="0.0" classname="com.ibm.analytics.mdm.v0.model.CreateProjectAssetOptionsTest"/>
  <testcase name="testCreateProjectAssetOptionsError" time="0.001" classname="com.ibm.analytics.mdm.v0.model.CreateProjectAssetOptionsTest"/>
  <testcase name="testModelListSetResourcesOptions" time="0.0" classname="com.ibm.analytics.mdm.v0.model.ModelListSetResourcesOptionsTest"/>
  <testcase name="testModelListSetResourcesOptionsError" time="0.001" classname="com.ibm.analytics.mdm.v0.model.ModelListSetResourcesOptionsTest"/>
  <testcase name="testListEntityOptions" time="0.0" classname="com.ibm.analytics.mdm.v0.model.ListEntityOptionsTest"/>
  <testcase name="testListEntityOptionsError" time="0.0" classname="com.ibm.analytics.mdm.v0.model.ListEntityOptionsTest"/>
  <testcase name="testEntityBreakdown" time="0.001" classname="com.ibm.analytics.mdm.v0.model.EntityBreakdownTest"/>
  <testcase name="testPublishModelOptions" time="0.0" classname="com.ibm.analytics.mdm.v0.model.PublishModelOptionsTest"/>
  <testcase name="testPublishModelOptionsError" time="0.001" classname="com.ibm.analytics.mdm.v0.model.PublishModelOptionsTest"/>
  <testcase name="testPreviewRulesOptions" time="0.001" classname="com.ibm.analytics.mdm.v0.model.PreviewRulesOptionsTest"/>
  <testcase name="testPreviewRulesOptionsError" time="0.0" classname="com.ibm.analytics.mdm.v0.model.PreviewRulesOptionsTest"/>
  <testcase name="testRecord" time="0.004" classname="com.ibm.analytics.mdm.v0.model.RecordTest"/>
  <testcase name="testRecordError" time="0.001" classname="com.ibm.analytics.mdm.v0.model.RecordTest"/>
  <testcase name="testDataGetRelatedRecordsForEntityOptions" time="0.0" classname="com.ibm.analytics.mdm.v0.model.DataGetRelatedRecordsForEntityOptionsTest"/>
  <testcase name="testDataGetRelatedRecordsForEntityOptionsError" time="0.0" classname="com.ibm.analytics.mdm.v0.model.DataGetRelatedRecordsForEntityOptionsTest"/>
  <testcase name="testPutCompareSpecResourcesResponseFeatureCategory" time="0.0" classname="com.ibm.analytics.mdm.v0.model.PutCompareSpecResourcesResponseFeatureCategoryTest"/>
  <testcase name="testDataModelEntityTypeSystemProperties" time="0.001" classname="com.ibm.analytics.mdm.v0.model.DataModelEntityTypeSystemPropertiesTest"/>
  <testcase name="testDataModelEntityTypeSystemPropertiesError" time="0.0" classname="com.ibm.analytics.mdm.v0.model.DataModelEntityTypeSystemPropertiesTest"/>
  <testcase name="testPutDataModelResponse" time="0.001" classname="com.ibm.analytics.mdm.v0.model.PutDataModelResponseTest"/>
  <testcase name="testPostSearchResponseComparison" time="0.001" classname="com.ibm.analytics.mdm.v0.model.PostSearchResponseComparisonTest"/>
  <testcase name="testPostResetResponse" time="0.0" classname="com.ibm.analytics.mdm.v0.model.PostResetResponseTest"/>
  <testcase name="testDataGetRelationshipForRecordOptions" time="0.0" classname="com.ibm.analytics.mdm.v0.model.DataGetRelationshipForRecordOptionsTest"/>
  <testcase name="testDataGetRelationshipForRecordOptionsError" time="0.001" classname="com.ibm.analytics.mdm.v0.model.DataGetRelationshipForRecordOptionsTest"/>
  <testcase name="testAlgorithmMethods" time="0.003" classname="com.ibm.analytics.mdm.v0.model.AlgorithmMethodsTest"/>
  <testcase name="testRecordResponse" time="0.0" classname="com.ibm.analytics.mdm.v0.model.RecordResponseTest"/>
  <testcase name="testDataModelRecordType" time="0.009" classname="com.ibm.analytics.mdm.v0.model.DataModelRecordTypeTest"/>
  <testcase name="testDataModelRecordTypeError" time="0.0" classname="com.ibm.analytics.mdm.v0.model.DataModelRecordTypeTest"/>
  <testcase name="testPutDataModelResponseAttribute" time="0.0" classname="com.ibm.analytics.mdm.v0.model.PutDataModelResponseAttributeTest"/>
  <testcase name="testRemoveRuleOptions" time="0.0" classname="com.ibm.analytics.mdm.v0.model.RemoveRuleOptionsTest"/>
  <testcase name="testRemoveRuleOptionsError" time="0.0" classname="com.ibm.analytics.mdm.v0.model.RemoveRuleOptionsTest"/>
  <testcase name="testDataGetRecordsOptions" time="0.0" classname="com.ibm.analytics.mdm.v0.model.DataGetRecordsOptionsTest"/>
  <testcase name="testPublishDataRequestCosDetails" time="0.001" classname="com.ibm.analytics.mdm.v0.model.PublishDataRequestCosDetailsTest"/>
  <testcase name="testReplaceProjectAssetOptions" time="0.001" classname="com.ibm.analytics.mdm.v0.model.ReplaceProjectAssetOptionsTest"/>
  <testcase name="testReplaceProjectAssetOptionsError" time="0.0" classname="com.ibm.analytics.mdm.v0.model.ReplaceProjectAssetOptionsTest"/>
  <testcase name="testExportsResponse" time="0.0" classname="com.ibm.analytics.mdm.v0.model.ExportsResponseTest"/>
  <testcase name="testModelPatchDataModelOptions" time="0.018" classname="com.ibm.analytics.mdm.v0.model.ModelPatchDataModelOptionsTest"/>
  <testcase name="testModelPatchDataModelOptionsError" time="0.0" classname="com.ibm.analytics.mdm.v0.model.ModelPatchDataModelOptionsTest"/>
  <testcase name="testPageLink" time="0.0" classname="com.ibm.analytics.mdm.v0.model.PageLinkTest"/>
  <testcase name="testGetEntityIds" time="0.0" classname="com.ibm.analytics.mdm.v0.model.GetEntityIdsTest"/>
  <testcase name="testPutDataModelResponseField" time="0.0" classname="com.ibm.analytics.mdm.v0.model.PutDataModelResponseFieldTest"/>
  <testcase name="testPutDataModelResponseRelationshipTypeSystemProperties" time="0.001" classname="com.ibm.analytics.mdm.v0.model.PutDataModelResponseRelationshipTypeSystemPropertiesTest"/>
  <testcase name="testGetRecordKeysRecordinfo" time="0.0" classname="com.ibm.analytics.mdm.v0.model.GetRecordKeysRecordinfoTest"/>
  <testcase name="testAsset" time="0.0" classname="com.ibm.analytics.mdm.v0.model.AssetTest"/>
  <testcase name="testListProjectsOptions" time="0.0" classname="com.ibm.analytics.mdm.v0.model.ListProjectsOptionsTest"/>
  <testcase name="testListProjectsOptionsError" time="0.001" classname="com.ibm.analytics.mdm.v0.model.ListProjectsOptionsTest"/>
  <testcase name="testConfigDataModelResponseDataModel" time="0.001" classname="com.ibm.analytics.mdm.v0.model.ConfigDataModelResponseDataModelTest"/>
  <testcase name="testAttribute" time="0.001" classname="com.ibm.analytics.mdm.v0.model.AttributeTest"/>
  <testcase name="testAttributeError" time="0.001" classname="com.ibm.analytics.mdm.v0.model.AttributeTest"/>
  <testcase name="testSummary" time="0.001" classname="com.ibm.analytics.mdm.v0.model.SummaryTest"/>
  <testcase name="testPostSearchResponseMethod" time="0.0" classname="com.ibm.analytics.mdm.v0.model.PostSearchResponseMethodTest"/>
  <testcase name="testPutAlgorithmResponseMethods" time="0.0" classname="com.ibm.analytics.mdm.v0.model.PutAlgorithmResponseMethodsTest"/>
  <testcase name="testBucketCredentialsRequest" time="0.001" classname="com.ibm.analytics.mdm.v0.model.BucketCredentialsRequestTest"/>
  <testcase name="testModelGetInstanceMetadataOptions" time="0.0" classname="com.ibm.analytics.mdm.v0.model.ModelGetInstanceMetadataOptionsTest"/>
  <testcase name="testModelGetInstanceMetadataOptionsError" time="0.001" classname="com.ibm.analytics.mdm.v0.model.ModelGetInstanceMetadataOptionsTest"/>
  <testcase name="testPutCompareSpecResourcesResponseCompareSpecResources" time="0.001" classname="com.ibm.analytics.mdm.v0.model.PutCompareSpecResourcesResponseCompareSpecResourcesTest"/>
  <testcase name="testDataGetStorageMetadataResponseCloudStorageMetadataResponse" time="0.002" classname="com.ibm.analytics.mdm.v0.model.DataGetStorageMetadataResponseCloudStorageMetadataResponseTest"/>
  <testcase name="testModelGetDataModelOptions" time="0.001" classname="com.ibm.analytics.mdm.v0.model.ModelGetDataModelOptionsTest"/>
  <testcase name="testModelGetDataModelOptionsError" time="0.0" classname="com.ibm.analytics.mdm.v0.model.ModelGetDataModelOptionsTest"/>
  <testcase name="testSystemPropertiesForRelationshipTypes" time="0.002" classname="com.ibm.analytics.mdm.v0.model.SystemPropertiesForRelationshipTypesTest"/>
  <testcase name="testSystemPropertiesForRelationshipTypesError" time="0.0" classname="com.ibm.analytics.mdm.v0.model.SystemPropertiesForRelationshipTypesTest"/>
  <testcase name="testDataGetExportOptions" time="0.0" classname="com.ibm.analytics.mdm.v0.model.DataGetExportOptionsTest"/>
  <testcase name="testDataGetExportOptionsError" time="0.0" classname="com.ibm.analytics.mdm.v0.model.DataGetExportOptionsTest"/>
  <testcase name="testRecordType" time="0.005" classname="com.ibm.analytics.mdm.v0.model.RecordTypeTest"/>
  <testcase name="testRecordTypeError" time="0.0" classname="com.ibm.analytics.mdm.v0.model.RecordTypeTest"/>
  <testcase name="testSearchFilterRequest" time="0.001" classname="com.ibm.analytics.mdm.v0.model.SearchFilterRequestTest"/>
  <testcase name="testMapResourceNames" time="0.0" classname="com.ibm.analytics.mdm.v0.model.MapResourceNamesTest"/>
  <testcase name="testPutCompositeRulesResponseRecordType" time="0.0" classname="com.ibm.analytics.mdm.v0.model.PutCompositeRulesResponseRecordTypeTest"/>
  <testcase name="testModelGetMapResourceOptions" time="0.0" classname="com.ibm.analytics.mdm.v0.model.ModelGetMapResourceOptionsTest"/>
  <testcase name="testModelGetMapResourceOptionsError" time="0.001" classname="com.ibm.analytics.mdm.v0.model.ModelGetMapResourceOptionsTest"/>
  <testcase name="testDataGetEntityOptions" time="0.0" classname="com.ibm.analytics.mdm.v0.model.DataGetEntityOptionsTest"/>
  <testcase name="testDataGetEntityOptionsError" time="0.0" classname="com.ibm.analytics.mdm.v0.model.DataGetEntityOptionsTest"/>
  <testcase name="testRule" time="0.002" classname="com.ibm.analytics.mdm.v0.model.RuleTest"/>
  <testcase name="testCompositeRulesRecordType" time="0.005" classname="com.ibm.analytics.mdm.v0.model.CompositeRulesRecordTypeTest"/>
  <testcase name="testSourceObject" time="0.0" classname="com.ibm.analytics.mdm.v0.model.SourceObjectTest"/>
  <testcase name="testBulkLoadOptions" time="0.001" classname="com.ibm.analytics.mdm.v0.model.BulkLoadOptionsTest"/>
  <testcase name="testBulkLoadOptionsError" time="0.0" classname="com.ibm.analytics.mdm.v0.model.BulkLoadOptionsTest"/>
  <testcase name="testGetCloudJobSummaryResponse" time="0.0" classname="com.ibm.analytics.mdm.v0.model.GetCloudJobSummaryResponseTest"/>
  <testcase name="testPublishModelStatusPublishModelStatus" time="0.001" classname="com.ibm.analytics.mdm.v0.model.PublishModelStatusPublishModelStatusTest"/>
  <testcase name="testDataModelSystemProperties" time="0.003" classname="com.ibm.analytics.mdm.v0.model.DataModelSystemPropertiesTest"/>
  <testcase name="testDataModelSystemPropertiesError" time="0.0" classname="com.ibm.analytics.mdm.v0.model.DataModelSystemPropertiesTest"/>
  <testcase name="testGetSummaryResponseStatsAndEntities" time="0.0" classname="com.ibm.analytics.mdm.v0.model.GetSummaryResponseStatsAndEntitiesTest"/>
  <testcase name="testDataCreateRecordOptions" time="0.002" classname="com.ibm.analytics.mdm.v0.model.DataCreateRecordOptionsTest"/>
  <testcase name="testDataCreateRecordOptionsError" time="0.001" classname="com.ibm.analytics.mdm.v0.model.DataCreateRecordOptionsTest"/>
  <testcase name="testMetadata" time="0.0" classname="com.ibm.analytics.mdm.v0.model.MetadataTest"/>
  <testcase name="testUpdateProjectMetadataOptions" time="0.0" classname="com.ibm.analytics.mdm.v0.model.UpdateProjectMetadataOptionsTest"/>
  <testcase name="testUpdateProjectMetadataOptionsError" time="0.0" classname="com.ibm.analytics.mdm.v0.model.UpdateProjectMetadataOptionsTest"/>
  <testcase name="testSystemPropertiesForAttributeTypes" time="0.001" classname="com.ibm.analytics.mdm.v0.model.SystemPropertiesForAttributeTypesTest"/>
  <testcase name="testSystemPropertiesForAttributeTypesError" time="0.0" classname="com.ibm.analytics.mdm.v0.model.SystemPropertiesForAttributeTypesTest"/>
  <testcase name="testPostSearchResponse" time="0.001" classname="com.ibm.analytics.mdm.v0.model.PostSearchResponseTest"/>
  <testcase name="testPutDataModelResponseSystemProperties" time="0.0" classname="com.ibm.analytics.mdm.v0.model.PutDataModelResponseSystemPropertiesTest"/>
  <testcase name="testGetCloudJobSummaryOptions" time="0.0" classname="com.ibm.analytics.mdm.v0.model.GetCloudJobSummaryOptionsTest"/>
  <testcase name="testGetCloudJobSummaryOptionsError" time="0.0" classname="com.ibm.analytics.mdm.v0.model.GetCloudJobSummaryOptionsTest"/>
  <testcase name="testStatistic" time="0.0" classname="com.ibm.analytics.mdm.v0.model.StatisticTest"/>
  <testcase name="testPutDataModelResponseRecordTypeSystemProperties" time="0.0" classname="com.ibm.analytics.mdm.v0.model.PutDataModelResponseRecordTypeSystemPropertiesTest"/>
  <testcase name="testDataUpdateRecordOptions" time="0.001" classname="com.ibm.analytics.mdm.v0.model.DataUpdateRecordOptionsTest"/>
  <testcase name="testDataUpdateRecordOptionsError" time="0.0" classname="com.ibm.analytics.mdm.v0.model.DataUpdateRecordOptionsTest"/>
  <testcase name="testPutSetResourcesResponse" time="0.0" classname="com.ibm.analytics.mdm.v0.model.PutSetResourcesResponseTest"/>
  <testcase name="testPutAlgorithmResponseCompareMethod" time="0.0" classname="com.ibm.analytics.mdm.v0.model.PutAlgorithmResponseCompareMethodTest"/>
  <testcase name="testCompareSpecResource" time="0.004" classname="com.ibm.analytics.mdm.v0.model.CompareSpecResourceTest"/>
  <testcase name="testCompareSpecResourceError" time="0.0" classname="com.ibm.analytics.mdm.v0.model.CompareSpecResourceTest"/>
  <testcase name="testDataStopJobOptions" time="0.0" classname="com.ibm.analytics.mdm.v0.model.DataStopJobOptionsTest"/>
  <testcase name="testDataStopJobOptionsError" time="0.0" classname="com.ibm.analytics.mdm.v0.model.DataStopJobOptionsTest"/>
  <testcase name="testSystemPropertiesForRecordTypes" time="0.001" classname="com.ibm.analytics.mdm.v0.model.SystemPropertiesForRecordTypesTest"/>
  <testcase name="testSystemPropertiesForRecordTypesError" time="0.0" classname="com.ibm.analytics.mdm.v0.model.SystemPropertiesForRecordTypesTest"/>
  <testcase name="testSchemaResponse" time="0.001" classname="com.ibm.analytics.mdm.v0.model.SchemaResponseTest"/>
  <testcase name="testPostDeriveResponseIndexResponse" time="0.0" classname="com.ibm.analytics.mdm.v0.model.PostDeriveResponseIndexResponseTest"/>
  <testcase name="testDeriveRecordsRequestRecord" time="0.001" classname="com.ibm.analytics.mdm.v0.model.DeriveRecordsRequestRecordTest"/>
  <testcase name="testDeriveRecordsRequestRecordError" time="0.001" classname="com.ibm.analytics.mdm.v0.model.DeriveRecordsRequestRecordTest"/>
  <testcase name="testJobsResponse" time="0.0" classname="com.ibm.analytics.mdm.v0.model.JobsResponseTest"/>
  <testcase name="testPutCompositeRulesResponseRule" time="0.0" classname="com.ibm.analytics.mdm.v0.model.PutCompositeRulesResponseRuleTest"/>
  <testcase name="testPutMapResourcesResponse" time="0.0" classname="com.ibm.analytics.mdm.v0.model.PutMapResourcesResponseTest"/>
  <testcase name="testModelDeleteFlowOptions" time="0.0" classname="com.ibm.analytics.mdm.v0.model.ModelDeleteFlowOptionsTest"/>
  <testcase name="testModelDeleteFlowOptionsError" time="0.0" classname="com.ibm.analytics.mdm.v0.model.ModelDeleteFlowOptionsTest"/>
  <testcase name="testPutIndexResponseRecordinfo" time="0.0" classname="com.ibm.analytics.mdm.v0.model.PutIndexResponseRecordinfoTest"/>
  <testcase name="testDeriveIndexOptions" time="0.001" classname="com.ibm.analytics.mdm.v0.model.DeriveIndexOptionsTest"/>
  <testcase name="testDeriveIndexOptionsError" time="0.0" classname="com.ibm.analytics.mdm.v0.model.DeriveIndexOptionsTest"/>
  <testcase name="testCompareResponseComparedValuesDetails" time="0.0" classname="com.ibm.analytics.mdm.v0.model.CompareResponseComparedValuesDetailsTest"/>
  <testcase name="testPutAlgorithmResponseInput" time="0.0" classname="com.ibm.analytics.mdm.v0.model.PutAlgorithmResponseInputTest"/>
  <testcase name="testSubgraphResponse" time="0.0" classname="com.ibm.analytics.mdm.v0.model.SubgraphResponseTest"/>
  <testcase name="testModelGetSetResourceOptions" time="0.0" classname="com.ibm.analytics.mdm.v0.model.ModelGetSetResourceOptionsTest"/>
  <testcase name="testModelGetSetResourceOptionsError" time="0.0" classname="com.ibm.analytics.mdm.v0.model.ModelGetSetResourceOptionsTest"/>
  <testcase name="testRetrieveRulesOptions" time="0.001" classname="com.ibm.analytics.mdm.v0.model.RetrieveRulesOptionsTest"/>
  <testcase name="testRetrieveRulesOptionsError" time="0.0" classname="com.ibm.analytics.mdm.v0.model.RetrieveRulesOptionsTest"/>
  <testcase name="testPutAlgorithmResponse" time="0.0" classname="com.ibm.analytics.mdm.v0.model.PutAlgorithmResponseTest"/>
  <testcase name="testSearchIndexOptions" time="0.0" classname="com.ibm.analytics.mdm.v0.model.SearchIndexOptionsTest"/>
  <testcase name="testSearchIndexOptionsError" time="0.0" classname="com.ibm.analytics.mdm.v0.model.SearchIndexOptionsTest"/>
  <testcase name="testPutAlgorithmResponseStandardizer" time="0.0" classname="com.ibm.analytics.mdm.v0.model.PutAlgorithmResponseStandardizerTest"/>
  <testcase name="testModelReplaceSpecResourceOptions" time="0.003" classname="com.ibm.analytics.mdm.v0.model.ModelReplaceSpecResourceOptionsTest"/>
  <testcase name="testModelReplaceSpecResourceOptionsError" time="0.0" classname="com.ibm.analytics.mdm.v0.model.ModelReplaceSpecResourceOptionsTest"/>
  <testcase name="testRelationshipResponse" time="0.001" classname="com.ibm.analytics.mdm.v0.model.RelationshipResponseTest"/>
  <testcase name="testMatchStatistics" time="0.0" classname="com.ibm.analytics.mdm.v0.model.MatchStatisticsTest"/>
  <testcase name="testGetFlowResponse" time="0.0" classname="com.ibm.analytics.mdm.v0.model.GetFlowResponseTest"/>
  <testcase name="testDataGetGraphStatisticsOptions" time="0.0" classname="com.ibm.analytics.mdm.v0.model.DataGetGraphStatisticsOptionsTest"/>
  <testcase name="testDataGetEntitiesForRecordOptions" time="0.0" classname="com.ibm.analytics.mdm.v0.model.DataGetEntitiesForRecordOptionsTest"/>
  <testcase name="testDataGetEntitiesForRecordOptionsError" time="0.0" classname="com.ibm.analytics.mdm.v0.model.DataGetEntitiesForRecordOptionsTest"/>
  <testcase name="testAlgorithmCompareStep" time="0.001" classname="com.ibm.analytics.mdm.v0.model.AlgorithmCompareStepTest"/>
  <testcase name="testAlgorithmCompareStepError" time="0.0" classname="com.ibm.analytics.mdm.v0.model.AlgorithmCompareStepTest"/>
  <testcase name="testDataGetSchemaOptions" time="0.0" classname="com.ibm.analytics.mdm.v0.model.DataGetSchemaOptionsTest"/>
  <testcase name="testPutCompositeRulesResponse" time="0.0" classname="com.ibm.analytics.mdm.v0.model.PutCompositeRulesResponseTest"/>
  <testcase name="testDataRunExportOptions" time="0.001" classname="com.ibm.analytics.mdm.v0.model.DataRunExportOptionsTest"/>
  <testcase name="testGetSummaryResponseEntitySizeStats" time="0.0" classname="com.ibm.analytics.mdm.v0.model.GetSummaryResponseEntitySizeStatsTest"/>
  <testcase name="testCompositeRulesRule" time="0.0" classname="com.ibm.analytics.mdm.v0.model.CompositeRulesRuleTest"/>
  <testcase name="testCompositeRulesRuleError" time="0.0" classname="com.ibm.analytics.mdm.v0.model.CompositeRulesRuleTest"/>
  <testcase name="testDataRevokeBucketCredentialsOptions" time="0.001" classname="com.ibm.analytics.mdm.v0.model.DataRevokeBucketCredentialsOptionsTest"/>
  <testcase name="testDataGetExportDownloadOptions" time="0.0" classname="com.ibm.analytics.mdm.v0.model.DataGetExportDownloadOptionsTest"/>
  <testcase name="testDataGetExportDownloadOptionsError" time="0.0" classname="com.ibm.analytics.mdm.v0.model.DataGetExportDownloadOptionsTest"/>
  <testcase name="testCriteriaRequest" time="0.001" classname="com.ibm.analytics.mdm.v0.model.CriteriaRequestTest"/>
  <testcase name="testInstanceMetadataProject" time="0.0" classname="com.ibm.analytics.mdm.v0.model.InstanceMetadataProjectTest"/>
  <testcase name="testInstanceMetadataProjectError" time="0.001" classname="com.ibm.analytics.mdm.v0.model.InstanceMetadataProjectTest"/>
  <testcase name="testInstanceMetadataCatalog" time="0.001" classname="com.ibm.analytics.mdm.v0.model.InstanceMetadataCatalogTest"/>
  <testcase name="testInstanceMetadataCatalogError" time="0.0" classname="com.ibm.analytics.mdm.v0.model.InstanceMetadataCatalogTest"/>
  <testcase name="testIndexSummaryOptions" time="0.001" classname="com.ibm.analytics.mdm.v0.model.IndexSummaryOptionsTest"/>
  <testcase name="testIndexSummaryOptionsError" time="0.0" classname="com.ibm.analytics.mdm.v0.model.IndexSummaryOptionsTest"/>
  <testcase name="testPutDataModelResponseEntityType" time="0.0" classname="com.ibm.analytics.mdm.v0.model.PutDataModelResponseEntityTypeTest"/>
  <testcase name="testSystemProperties" time="0.001" classname="com.ibm.analytics.mdm.v0.model.SystemPropertiesTest"/>
  <testcase name="testCompareSpecResourceNames" time="0.0" classname="com.ibm.analytics.mdm.v0.model.CompareSpecResourceNamesTest"/>
  <testcase name="testDataModelAttribute" time="0.0" classname="com.ibm.analytics.mdm.v0.model.DataModelAttributeTest"/>
  <testcase name="testDataModelAttributeError" time="0.0" classname="com.ibm.analytics.mdm.v0.model.DataModelAttributeTest"/>
  <testcase name="testSuggestedDataMappingResponse" time="0.0" classname="com.ibm.analytics.mdm.v0.model.SuggestedDataMappingResponseTest"/>
  <testcase name="testDataSearchOptions" time="0.012" classname="com.ibm.analytics.mdm.v0.model.DataSearchOptionsTest"/>
  <testcase name="testPutAlgorithmResponseAlgorithm" time="0.001" classname="com.ibm.analytics.mdm.v0.model.PutAlgorithmResponseAlgorithmTest"/>
  <testcase name="testDataDeleteRecordOptions" time="0.0" classname="com.ibm.analytics.mdm.v0.model.DataDeleteRecordOptionsTest"/>
  <testcase name="testDataDeleteRecordOptionsError" time="0.0" classname="com.ibm.analytics.mdm.v0.model.DataDeleteRecordOptionsTest"/>
  <testcase name="testPostDeriveResponse" time="0.0" classname="com.ibm.analytics.mdm.v0.model.PostDeriveResponseTest"/>
  <testcase name="testGetSummaryResponseEntities" time="0.0" classname="com.ibm.analytics.mdm.v0.model.GetSummaryResponseEntitiesTest"/>
  <testcase name="testAssetMetadataResponse" time="0.0" classname="com.ibm.analytics.mdm.v0.model.AssetMetadataResponseTest"/>
  <testcase name="testDataGetJobsOptions" time="0.0" classname="com.ibm.analytics.mdm.v0.model.DataGetJobsOptionsTest"/>
  <testcase name="testAddRuleOptions" time="0.0" classname="com.ibm.analytics.mdm.v0.model.AddRuleOptionsTest"/>
  <testcase name="testAddRuleOptionsError" time="0.0" classname="com.ibm.analytics.mdm.v0.model.AddRuleOptionsTest"/>
  <testcase name="testProcessStatusStatusPublishModelStatus" time="0.0" classname="com.ibm.analytics.mdm.v0.model.ProcessStatusStatusPublishModelStatusTest"/>
  <testcase name="testPutConfigDataModelOptions" time="0.009" classname="com.ibm.analytics.mdm.v0.model.PutConfigDataModelOptionsTest"/>
  <testcase name="testPutConfigDataModelOptionsError" time="0.001" classname="com.ibm.analytics.mdm.v0.model.PutConfigDataModelOptionsTest"/>
  <testcase name="testReplaceProjectMetadataOptions" time="0.001" classname="com.ibm.analytics.mdm.v0.model.ReplaceProjectMetadataOptionsTest"/>
  <testcase name="testReplaceProjectMetadataOptionsError" time="0.0" classname="com.ibm.analytics.mdm.v0.model.ReplaceProjectMetadataOptionsTest"/>
  <testcase name="testGetEntityIdsEntityinfo" time="0.0" classname="com.ibm.analytics.mdm.v0.model.GetEntityIdsEntityinfoTest"/>
  <testcase name="testMapResourceMapResourceEntry" time="0.001" classname="com.ibm.analytics.mdm.v0.model.MapResourceMapResourceEntryTest"/>
  <testcase name="testMapResourceMapResourceEntryError" time="0.0" classname="com.ibm.analytics.mdm.v0.model.MapResourceMapResourceEntryTest"/>
  <testcase name="testMatchingStatus" time="0.0" classname="com.ibm.analytics.mdm.v0.model.MatchingStatusTest"/>
  <testcase name="testAlgorithm" time="0.015" classname="com.ibm.analytics.mdm.v0.model.AlgorithmTest"/>
  <testcase name="testAlgorithmError" time="0.0" classname="com.ibm.analytics.mdm.v0.model.AlgorithmTest"/>
  <testcase name="testCompareSpecResourceFeatureCategory" time="0.001" classname="com.ibm.analytics.mdm.v0.model.CompareSpecResourceFeatureCategoryTest"/>
  <testcase name="testRelationship" time="0.003" classname="com.ibm.analytics.mdm.v0.model.RelationshipTest"/>
  <testcase name="testRelationshipError" time="0.001" classname="com.ibm.analytics.mdm.v0.model.RelationshipTest"/>
  <testcase name="testGetRecordsOptions" time="0.0" classname="com.ibm.analytics.mdm.v0.model.GetRecordsOptionsTest"/>
  <testcase name="testGetRecordsOptionsError" time="0.0" classname="com.ibm.analytics.mdm.v0.model.GetRecordsOptionsTest"/>
  <testcase name="testElementWithAttributes" time="0.001" classname="com.ibm.analytics.mdm.v0.model.ElementWithAttributesTest"/>
  <testcase name="testModelModifyInstanceMetadataOptions" time="0.001" classname="com.ibm.analytics.mdm.v0.model.ModelModifyInstanceMetadataOptionsTest"/>
  <testcase name="testModelModifyInstanceMetadataOptionsError" time="0.0" classname="com.ibm.analytics.mdm.v0.model.ModelModifyInstanceMetadataOptionsTest"/>
  <testcase name="testSuggestDataMappingsOptions" time="0.001" classname="com.ibm.analytics.mdm.v0.model.SuggestDataMappingsOptionsTest"/>
  <testcase name="testSuggestDataMappingsOptionsError" time="0.001" classname="com.ibm.analytics.mdm.v0.model.SuggestDataMappingsOptionsTest"/>
  <testcase name="testDataGetRelatedRecordsForRecordOptions" time="0.0" classname="com.ibm.analytics.mdm.v0.model.DataGetRelatedRecordsForRecordOptionsTest"/>
  <testcase name="testDataGetRelatedRecordsForRecordOptionsError" time="0.0" classname="com.ibm.analytics.mdm.v0.model.DataGetRelatedRecordsForRecordOptionsTest"/>
  <testcase name="testPutCompositeRulesResponseCompositeRules" time="0.0" classname="com.ibm.analytics.mdm.v0.model.PutCompositeRulesResponseCompositeRulesTest"/>
  <testcase name="testCompareRecordsRequestRecord" time="0.0" classname="com.ibm.analytics.mdm.v0.model.CompareRecordsRequestRecordTest"/>
  <testcase name="testCompareRecordsRequestRecordError" time="0.001" classname="com.ibm.analytics.mdm.v0.model.CompareRecordsRequestRecordTest"/>
  <testcase name="testEntityType" time="0.0" classname="com.ibm.analytics.mdm.v0.model.EntityTypeTest"/>
  <testcase name="testEntityTypeError" time="0.001" classname="com.ibm.analytics.mdm.v0.model.EntityTypeTest"/>
  <testcase name="testRelationshipType" time="0.002" classname="com.ibm.analytics.mdm.v0.model.RelationshipTypeTest"/>
  <testcase name="testRelationshipTypeError" time="0.0" classname="com.ibm.analytics.mdm.v0.model.RelationshipTypeTest"/>
  <testcase name="testGetIndexResponse" time="0.0" classname="com.ibm.analytics.mdm.v0.model.GetIndexResponseTest"/>
  <testcase name="testPostSearchResponseSearchResult" time="0.001" classname="com.ibm.analytics.mdm.v0.model.PostSearchResponseSearchResultTest"/>
  <testcase name="testDeriveRecordsRequestRecordAttributes" time="0.0" classname="com.ibm.analytics.mdm.v0.model.DeriveRecordsRequestRecordAttributesTest"/>
  <testcase name="testDataGetStorageMetadataOptions" time="0.0" classname="com.ibm.analytics.mdm.v0.model.DataGetStorageMetadataOptionsTest"/>
  <testcase name="testDataMapping" time="0.0" classname="com.ibm.analytics.mdm.v0.model.DataMappingTest"/>
  <testcase name="testDataMappingError" time="0.0" classname="com.ibm.analytics.mdm.v0.model.DataMappingTest"/>
  <testcase name="testModelListComparespecResouresOptions" time="0.0" classname="com.ibm.analytics.mdm.v0.model.ModelListComparespecResouresOptionsTest"/>
  <testcase name="testModelListComparespecResouresOptionsError" time="0.0" classname="com.ibm.analytics.mdm.v0.model.ModelListComparespecResouresOptionsTest"/>
  <testcase name="testDataGetRecordsForEntityOptions" time="0.0" classname="com.ibm.analytics.mdm.v0.model.DataGetRecordsForEntityOptionsTest"/>
  <testcase name="testDataGetRecordsForEntityOptionsError" time="0.0" classname="com.ibm.analytics.mdm.v0.model.DataGetRecordsForEntityOptionsTest"/>
  <testcase name="testMatchingStatusMatchingStatus" time="0.0" classname="com.ibm.analytics.mdm.v0.model.MatchingStatusMatchingStatusTest"/>
  <testcase name="testInitiateMatchingOptions" time="0.0" classname="com.ibm.analytics.mdm.v0.model.InitiateMatchingOptionsTest"/>
  <testcase name="testInitiateMatchingOptionsError" time="0.0" classname="com.ibm.analytics.mdm.v0.model.InitiateMatchingOptionsTest"/>
  <testcase name="testCompareIndexOptions" time="0.0" classname="com.ibm.analytics.mdm.v0.model.CompareIndexOptionsTest"/>
  <testcase name="testCompareIndexOptionsError" time="0.0" classname="com.ibm.analytics.mdm.v0.model.CompareIndexOptionsTest"/>
  <testcase name="testPutAlgorithmResponseBucketGenerator" time="0.0" classname="com.ibm.analytics.mdm.v0.model.PutAlgorithmResponseBucketGeneratorTest"/>
  <testcase name="testProcessStatusStatus" time="0.001" classname="com.ibm.analytics.mdm.v0.model.ProcessStatusStatusTest"/>
  <testcase name="testGetIndexOptions" time="0.0" classname="com.ibm.analytics.mdm.v0.model.GetIndexOptionsTest"/>
  <testcase name="testGetIndexOptionsError" time="0.0" classname="com.ibm.analytics.mdm.v0.model.GetIndexOptionsTest"/>
  <testcase name="testAlgorithmCompareMethod" time="0.001" classname="com.ibm.analytics.mdm.v0.model.AlgorithmCompareMethodTest"/>
  <testcase name="testAlgorithmCompareMethodError" time="0.0" classname="com.ibm.analytics.mdm.v0.model.AlgorithmCompareMethodTest"/>
  <testcase name="testProperty" time="0.0" classname="com.ibm.analytics.mdm.v0.model.PropertyTest"/>
  <testcase name="testDataGetRelationshipsForRecordOptions" time="0.0" classname="com.ibm.analytics.mdm.v0.model.DataGetRelationshipsForRecordOptionsTest"/>
  <testcase name="testDataGetRelationshipsForRecordOptionsError" time="0.001" classname="com.ibm.analytics.mdm.v0.model.DataGetRelationshipsForRecordOptionsTest"/>
  <testcase name="testMatchEntityCountStats" time="0.0" classname="com.ibm.analytics.mdm.v0.model.MatchEntityCountStatsTest"/>
  <testcase name="testDataGetStorageMetadataResponseOnPremStorageMetadataResponse" time="0.001" classname="com.ibm.analytics.mdm.v0.model.DataGetStorageMetadataResponseOnPremStorageMetadataResponseTest"/>
  <testcase name="testDataModelRelationshipEndpoint" time="0.0" classname="com.ibm.analytics.mdm.v0.model.DataModelRelationshipEndpointTest"/>
  <testcase name="testDataModelRelationshipRule" time="0.0" classname="com.ibm.analytics.mdm.v0.model.DataModelRelationshipRuleTest"/>
  <testcase name="testJobResponse" time="0.0" classname="com.ibm.analytics.mdm.v0.model.JobResponseTest"/>
  <testcase name="testGetConfigDataModelAttributesOptions" time="0.0" classname="com.ibm.analytics.mdm.v0.model.GetConfigDataModelAttributesOptionsTest"/>
  <testcase name="testGetConfigDataModelAttributesOptionsError" time="0.0" classname="com.ibm.analytics.mdm.v0.model.GetConfigDataModelAttributesOptionsTest"/>
  <testcase name="testPutDataModelResponseEntityTypeSystemProperties" time="0.0" classname="com.ibm.analytics.mdm.v0.model.PutDataModelResponseEntityTypeSystemPropertiesTest"/>
  <testcase name="testPutDataModelResponseSystemProperty" time="0.0" classname="com.ibm.analytics.mdm.v0.model.PutDataModelResponseSystemPropertyTest"/>
  <testcase name="testPublishDataRequestCosDetailsCatalog" time="0.0" classname="com.ibm.analytics.mdm.v0.model.PublishDataRequestCosDetailsCatalogTest"/>
  <testcase name="testPublishDataRequestCosDetailsProject" time="0.0" classname="com.ibm.analytics.mdm.v0.model.PublishDataRequestCosDetailsProjectTest"/>
  <testcase name="testDeleteIndexOptions" time="0.0" classname="com.ibm.analytics.mdm.v0.model.DeleteIndexOptionsTest"/>
  <testcase name="testDeleteIndexOptionsError" time="0.0" classname="com.ibm.analytics.mdm.v0.model.DeleteIndexOptionsTest"/>
  <testcase name="testAlgorithmBucketGroupStep" time="0.0" classname="com.ibm.analytics.mdm.v0.model.AlgorithmBucketGroupStepTest"/>
  <testcase name="testAlgorithmBucketGroupStepError" time="0.0" classname="com.ibm.analytics.mdm.v0.model.AlgorithmBucketGroupStepTest"/>
  <testcase name="testGetConfigDataModelOptions" time="0.0" classname="com.ibm.analytics.mdm.v0.model.GetConfigDataModelOptionsTest"/>
  <testcase name="testGetConfigDataModelOptionsError" time="0.0" classname="com.ibm.analytics.mdm.v0.model.GetConfigDataModelOptionsTest"/>
  <testcase name="testDataGetStorageMetadataResponse" time="0.0" classname="com.ibm.analytics.mdm.v0.model.DataGetStorageMetadataResponseTest"/>
  <testcase name="testDataRunBulkLoadOptions" time="0.001" classname="com.ibm.analytics.mdm.v0.model.DataRunBulkLoadOptionsTest"/>
  <testcase name="testPublishModelStatus" time="0.0" classname="com.ibm.analytics.mdm.v0.model.PublishModelStatusTest"/>
  <testcase name="testPostCloudJobResponse" time="0.0" classname="com.ibm.analytics.mdm.v0.model.PostCloudJobResponseTest"/>
  <testcase name="testPutDataModelResponseRelationshipRule" time="0.0" classname="com.ibm.analytics.mdm.v0.model.PutDataModelResponseRelationshipRuleTest"/>
  <testcase name="testPutCompareSpecResourcesResponse" time="0.0" classname="com.ibm.analytics.mdm.v0.model.PutCompareSpecResourcesResponseTest"/>
  <testcase name="testBucketCredentialsResponse" time="0.0" classname="com.ibm.analytics.mdm.v0.model.BucketCredentialsResponseTest"/>
  <testcase name="testPutMapResourcesResponseMapResourceEntry" time="0.0" classname="com.ibm.analytics.mdm.v0.model.PutMapResourcesResponseMapResourceEntryTest"/>
  <testcase name="testAlgorithmStandardizer" time="0.0" classname="com.ibm.analytics.mdm.v0.model.AlgorithmStandardizerTest"/>
  <testcase name="testAlgorithmStandardizerError" time="0.0" classname="com.ibm.analytics.mdm.v0.model.AlgorithmStandardizerTest"/>
  <testcase name="testDataUpdateSchemaOptions" time="0.0" classname="com.ibm.analytics.mdm.v0.model.DataUpdateSchemaOptionsTest"/>
  <testcase name="testDataModelSystemProperty" time="0.0" classname="com.ibm.analytics.mdm.v0.model.DataModelSystemPropertyTest"/>
  <testcase name="testDataModelSystemPropertyError" time="0.0" classname="com.ibm.analytics.mdm.v0.model.DataModelSystemPropertyTest"/>
  <testcase name="testModelPatchFlowOptions" time="0.0" classname="com.ibm.analytics.mdm.v0.model.ModelPatchFlowOptionsTest"/>
  <testcase name="testModelPatchFlowOptionsError" time="0.0" classname="com.ibm.analytics.mdm.v0.model.ModelPatchFlowOptionsTest"/>
  <testcase name="testCompareResponseCompareMethod" time="0.0" classname="com.ibm.analytics.mdm.v0.model.CompareResponseCompareMethodTest"/>
  <testcase name="testPutAlgorithmResponseEncryption" time="0.001" classname="com.ibm.analytics.mdm.v0.model.PutAlgorithmResponseEncryptionTest"/>
  <testcase name="testSuggestedMatchAttributesResponse" time="0.0" classname="com.ibm.analytics.mdm.v0.model.SuggestedMatchAttributesResponseTest"/>
  <testcase name="testExpressionRequest" time="0.001" classname="com.ibm.analytics.mdm.v0.model.ExpressionRequestTest"/>
  <testcase name="testModelGetComparespecResourceOptions" time="0.0" classname="com.ibm.analytics.mdm.v0.model.ModelGetComparespecResourceOptionsTest"/>
  <testcase name="testModelGetComparespecResourceOptionsError" time="0.001" classname="com.ibm.analytics.mdm.v0.model.ModelGetComparespecResourceOptionsTest"/>
  <testcase name="testSearchQueryRequest" time="0.0" classname="com.ibm.analytics.mdm.v0.model.SearchQueryRequestTest"/>
  <testcase name="testBulkLoadResponse" time="0.0" classname="com.ibm.analytics.mdm.v0.model.BulkLoadResponseTest"/>
  <testcase name="testDataGetSubgraphOptions" time="0.001" classname="com.ibm.analytics.mdm.v0.model.DataGetSubgraphOptionsTest"/>
  <testcase name="testPutDataModelResponseAttributeTypeSystemProperties" time="0.0" classname="com.ibm.analytics.mdm.v0.model.PutDataModelResponseAttributeTypeSystemPropertiesTest"/>
  <testcase name="testInstanceMetadata" time="0.001" classname="com.ibm.analytics.mdm.v0.model.InstanceMetadataTest"/>
  <testcase name="testModelGetFlowByIdOptions" time="0.0" classname="com.ibm.analytics.mdm.v0.model.ModelGetFlowByIdOptionsTest"/>
  <testcase name="testModelGetFlowByIdOptionsError" time="0.0" classname="com.ibm.analytics.mdm.v0.model.ModelGetFlowByIdOptionsTest"/>
  <testcase name="testDataModelAttributeType" time="0.002" classname="com.ibm.analytics.mdm.v0.model.DataModelAttributeTypeTest"/>
  <testcase name="testDataModelAttributeTypeError" time="0.0" classname="com.ibm.analytics.mdm.v0.model.DataModelAttributeTypeTest"/>
  <testcase name="testMatchStatisticsMatchStatistics" time="0.001" classname="com.ibm.analytics.mdm.v0.model.MatchStatisticsMatchStatisticsTest"/>
  <testcase name="testProjectMetadataListResponse" time="0.0" classname="com.ibm.analytics.mdm.v0.model.ProjectMetadataListResponseTest"/>
  <testcase name="testPutAlgorithmResponseStandardizerStep" time="0.001" classname="com.ibm.analytics.mdm.v0.model.PutAlgorithmResponseStandardizerStepTest"/>
  <testcase name="testDataStructureRequest" time="0.001" classname="com.ibm.analytics.mdm.v0.model.DataStructureRequestTest"/>
  <testcase name="testPutIndexResponse" time="0.0" classname="com.ibm.analytics.mdm.v0.model.PutIndexResponseTest"/>
  <testcase name="testDataModelAttributeTypeSystemProperties" time="0.0" classname="com.ibm.analytics.mdm.v0.model.DataModelAttributeTypeSystemPropertiesTest"/>
  <testcase name="testDataModelAttributeTypeSystemPropertiesError" time="0.0" classname="com.ibm.analytics.mdm.v0.model.DataModelAttributeTypeSystemPropertiesTest"/>
  <testcase name="testAlgorithmEncryption" time="0.001" classname="com.ibm.analytics.mdm.v0.model.AlgorithmEncryptionTest"/>
  <testcase name="testAlgorithmEncryptionError" time="0.0" classname="com.ibm.analytics.mdm.v0.model.AlgorithmEncryptionTest"/>
  <testcase name="testDataGetRecordOptions" time="0.0" classname="com.ibm.analytics.mdm.v0.model.DataGetRecordOptionsTest"/>
  <testcase name="testDataGetRecordOptionsError" time="0.0" classname="com.ibm.analytics.mdm.v0.model.DataGetRecordOptionsTest"/>
  <testcase name="testDataModelRecordTypeSystemProperties" time="0.0" classname="com.ibm.analytics.mdm.v0.model.DataModelRecordTypeSystemPropertiesTest"/>
  <testcase name="testDataModelRecordTypeSystemPropertiesError" time="0.0" classname="com.ibm.analytics.mdm.v0.model.DataModelRecordTypeSystemPropertiesTest"/>
  <testcase name="testGetProjectMetadataOptions" time="0.001" classname="com.ibm.analytics.mdm.v0.model.GetProjectMetadataOptionsTest"/>
  <testcase name="testGetProjectMetadataOptionsError" time="0.0" classname="com.ibm.analytics.mdm.v0.model.GetProjectMetadataOptionsTest"/>
  <testcase name="testCompositeRules" time="0.007" classname="com.ibm.analytics.mdm.v0.model.CompositeRulesTest"/>
  <testcase name="testCompositeRulesError" time="0.0" classname="com.ibm.analytics.mdm.v0.model.CompositeRulesTest"/>
  <testcase name="testStatus" time="0.0" classname="com.ibm.analytics.mdm.v0.model.StatusTest"/>
  <testcase name="testModelReplaceMapResourceOptions" time="0.002" classname="com.ibm.analytics.mdm.v0.model.ModelReplaceMapResourceOptionsTest"/>
  <testcase name="testModelReplaceMapResourceOptionsError" time="0.0" classname="com.ibm.analytics.mdm.v0.model.ModelReplaceMapResourceOptionsTest"/>
  <testcase name="testFieldType" time="0.0" classname="com.ibm.analytics.mdm.v0.model.FieldTypeTest"/>
  <testcase name="testFieldTypeError" time="0.001" classname="com.ibm.analytics.mdm.v0.model.FieldTypeTest"/>
  <testcase name="testDataGenerateBucketCredentialsOptions" time="0.001" classname="com.ibm.analytics.mdm.v0.model.DataGenerateBucketCredentialsOptionsTest"/>
  <testcase name="testRelationshipsResponse" time="0.0" classname="com.ibm.analytics.mdm.v0.model.RelationshipsResponseTest"/>
  <testcase name="testSyncUpdateElement" time="0.007" classname="com.ibm.analytics.mdm.v0.model.SyncUpdateElementTest"/>
  <testcase name="testGraphStatistics" time="0.0" classname="com.ibm.analytics.mdm.v0.model.GraphStatisticsTest"/>
  <testcase name="testDataModelEntityType" time="0.001" classname="com.ibm.analytics.mdm.v0.model.DataModelEntityTypeTest"/>
  <testcase name="testDataModelEntityTypeError" time="0.0" classname="com.ibm.analytics.mdm.v0.model.DataModelEntityTypeTest"/>
  <testcase name="testConfigDataModelResponse" time="0.0" classname="com.ibm.analytics.mdm.v0.model.ConfigDataModelResponseTest"/>
  <testcase name="testEntityResponse" time="0.0" classname="com.ibm.analytics.mdm.v0.model.EntityResponseTest"/>
  <testcase name="testSetResourceNames" time="0.0" classname="com.ibm.analytics.mdm.v0.model.SetResourceNamesTest"/>
  <testcase name="testPutAlgorithmResponseBucketGroupStep" time="0.001" classname="com.ibm.analytics.mdm.v0.model.PutAlgorithmResponseBucketGroupStepTest"/>
  <testcase name="testEntity" time="0.0" classname="com.ibm.analytics.mdm.v0.model.EntityTest"/>
  <testcase name="testPutDataModelResponseRecordType" time="0.0" classname="com.ibm.analytics.mdm.v0.model.PutDataModelResponseRecordTypeTest"/>
  <testcase name="testRetrieveRulesFromRecidOptions" time="0.0" classname="com.ibm.analytics.mdm.v0.model.RetrieveRulesFromRecidOptionsTest"/>
  <testcase name="testRetrieveRulesFromRecidOptionsError" time="0.0" classname="com.ibm.analytics.mdm.v0.model.RetrieveRulesFromRecidOptionsTest"/>
  <testcase name="testSystemPropertiesForEntityTypes" time="0.001" classname="com.ibm.analytics.mdm.v0.model.SystemPropertiesForEntityTypesTest"/>
  <testcase name="testSystemPropertiesForEntityTypesError" time="0.0" classname="com.ibm.analytics.mdm.v0.model.SystemPropertiesForEntityTypesTest"/>
  <testcase name="testConfigDataModelAttributes" time="0.0" classname="com.ibm.analytics.mdm.v0.model.ConfigDataModelAttributesTest"/>
  <testcase name="testCloudDeriveJobOptions" time="0.001" classname="com.ibm.analytics.mdm.v0.model.CloudDeriveJobOptionsTest"/>
  <testcase name="testCloudDeriveJobOptionsError" time="0.0" classname="com.ibm.analytics.mdm.v0.model.CloudDeriveJobOptionsTest"/>
  <testcase name="testStatisticsResultResponse" time="0.001" classname="com.ibm.analytics.mdm.v0.model.StatisticsResultResponseTest"/>
  <testcase name="testSuggestMatchingAttributesOptions" time="0.0" classname="com.ibm.analytics.mdm.v0.model.SuggestMatchingAttributesOptionsTest"/>
  <testcase name="testSuggestMatchingAttributesOptionsError" time="0.0" classname="com.ibm.analytics.mdm.v0.model.SuggestMatchingAttributesOptionsTest"/>
  <testcase name="testMatchIndexOptions" time="0.001" classname="com.ibm.analytics.mdm.v0.model.MatchIndexOptionsTest"/>
  <testcase name="testMatchIndexOptionsError" time="0.0" classname="com.ibm.analytics.mdm.v0.model.MatchIndexOptionsTest"/>
  <testcase name="testRulesRequestRule" time="0.0" classname="com.ibm.analytics.mdm.v0.model.RulesRequestRuleTest"/>
  <testcase name="testRulesRequestRuleError" time="0.0" classname="com.ibm.analytics.mdm.v0.model.RulesRequestRuleTest"/>
  <testcase name="testAlgorithmStandardizerStep" time="0.0" classname="com.ibm.analytics.mdm.v0.model.AlgorithmStandardizerStepTest"/>
  <testcase name="testAlgorithmStandardizerStepError" time="0.0" classname="com.ibm.analytics.mdm.v0.model.AlgorithmStandardizerStepTest"/>
  <testcase name="testSearchResultResponse" time="0.0" classname="com.ibm.analytics.mdm.v0.model.SearchResultResponseTest"/>
  <testcase name="testProjectMetadataResponseProjectMetadata" time="0.0" classname="com.ibm.analytics.mdm.v0.model.ProjectMetadataResponseProjectMetadataTest"/>
  <testcase name="testPutCompositeRulesResponseRules" time="0.001" classname="com.ibm.analytics.mdm.v0.model.PutCompositeRulesResponseRulesTest"/>
  <testcase name="testEntitiesResponse" time="0.0" classname="com.ibm.analytics.mdm.v0.model.EntitiesResponseTest"/>
  <testcase name="testModelModifyDataModelOptions" time="0.007" classname="com.ibm.analytics.mdm.v0.model.ModelModifyDataModelOptionsTest"/>
  <testcase name="testModelModifyDataModelOptionsError" time="0.001" classname="com.ibm.analytics.mdm.v0.model.ModelModifyDataModelOptionsTest"/>
  <testcase name="testPutDataModelResponseDataModel" time="0.0" classname="com.ibm.analytics.mdm.v0.model.PutDataModelResponseDataModelTest"/>
  <testcase name="testAlgorithmBucketGenerator" time="0.001" classname="com.ibm.analytics.mdm.v0.model.AlgorithmBucketGeneratorTest"/>
  <testcase name="testAlgorithmBucketGeneratorError" time="0.0" classname="com.ibm.analytics.mdm.v0.model.AlgorithmBucketGeneratorTest"/>
  <testcase name="testPutDataModelResponseRelationshipType" time="0.0" classname="com.ibm.analytics.mdm.v0.model.PutDataModelResponseRelationshipTypeTest"/>
  <testcase name="testModelListMapResourcesOptions" time="0.0" classname="com.ibm.analytics.mdm.v0.model.ModelListMapResourcesOptionsTest"/>
  <testcase name="testModelListMapResourcesOptionsError" time="0.0" classname="com.ibm.analytics.mdm.v0.model.ModelListMapResourcesOptionsTest"/>
  <testcase name="testGetMatchingStatisticsOptions" time="0.001" classname="com.ibm.analytics.mdm.v0.model.GetMatchingStatisticsOptionsTest"/>
  <testcase name="testGetMatchingStatisticsOptionsError" time="0.0" classname="com.ibm.analytics.mdm.v0.model.GetMatchingStatisticsOptionsTest"/>
  <testcase name="testRecordsResponse" time="0.001" classname="com.ibm.analytics.mdm.v0.model.RecordsResponseTest"/>
  <testcase name="testCompositeRulesRules" time="0.006" classname="com.ibm.analytics.mdm.v0.model.CompositeRulesRulesTest"/>
  <testcase name="testCompositeRulesRulesError" time="0.0" classname="com.ibm.analytics.mdm.v0.model.CompositeRulesRulesTest"/>
  <testcase name="testDataSourceRequest" time="0.001" classname="com.ibm.analytics.mdm.v0.model.DataSourceRequestTest"/>
  <testcase name="testDataModelRelationshipType" time="0.002" classname="com.ibm.analytics.mdm.v0.model.DataModelRelationshipTypeTest"/>
  <testcase name="testDataModelRelationshipTypeError" time="0.0" classname="com.ibm.analytics.mdm.v0.model.DataModelRelationshipTypeTest"/>
  <testcase name="testCompareResponseComparator" time="0.0" classname="com.ibm.analytics.mdm.v0.model.CompareResponseComparatorTest"/>
  <testcase name="testModelReplaceSetResourceOptions" time="0.003" classname="com.ibm.analytics.mdm.v0.model.ModelReplaceSetResourceOptionsTest"/>
  <testcase name="testModelReplaceSetResourceOptionsError" time="0.0" classname="com.ibm.analytics.mdm.v0.model.ModelReplaceSetResourceOptionsTest"/>
  <testcase name="testSetResourceSetResourceEntry" time="0.001" classname="com.ibm.analytics.mdm.v0.model.SetResourceSetResourceEntryTest"/>
  <testcase name="testSetResourceSetResourceEntryError" time="0.0" classname="com.ibm.analytics.mdm.v0.model.SetResourceSetResourceEntryTest"/>
  <testcase name="testSubgraphVertexResponse" time="0.0" classname="com.ibm.analytics.mdm.v0.model.SubgraphVertexResponseTest"/>
  <testcase name="testAlgorithmBucketStep" time="0.0" classname="com.ibm.analytics.mdm.v0.model.AlgorithmBucketStepTest"/>
  <testcase name="testAlgorithmBucketStepError" time="0.0" classname="com.ibm.analytics.mdm.v0.model.AlgorithmBucketStepTest"/>
  <testcase name="testPostSearchResponseCompareMethod" time="0.0" classname="com.ibm.analytics.mdm.v0.model.PostSearchResponseCompareMethodTest"/>
  <testcase name="testDataModel" time="0.013" classname="com.ibm.analytics.mdm.v0.model.DataModelTest"/>
  <testcase name="testDataModelError" time="0.0" classname="com.ibm.analytics.mdm.v0.model.DataModelTest"/>
  <testcase name="testCompareResponse" time="0.001" classname="com.ibm.analytics.mdm.v0.model.CompareResponseTest"/>
  <testcase name="testGetProcessStatusOptions" time="0.0" classname="com.ibm.analytics.mdm.v0.model.GetProcessStatusOptionsTest"/>
  <testcase name="testGetProcessStatusOptionsError" time="0.0" classname="com.ibm.analytics.mdm.v0.model.GetProcessStatusOptionsTest"/>
  <testcase name="testBucketCredentials" time="0.001" classname="com.ibm.analytics.mdm.v0.model.BucketCredentialsTest"/>
  <testcase name="testModelReplaceAlgorithmOptions" time="0.008" classname="com.ibm.analytics.mdm.v0.model.ModelReplaceAlgorithmOptionsTest"/>
  <testcase name="testModelReplaceAlgorithmOptionsError" time="0.0" classname="com.ibm.analytics.mdm.v0.model.ModelReplaceAlgorithmOptionsTest"/>
  <testcase name="testDataRunBulkUpdateOptions" time="0.005" classname="com.ibm.analytics.mdm.v0.model.DataRunBulkUpdateOptionsTest"/>
  <testcase name="testModelUpdateAlgorithmOptions" time="0.009" classname="com.ibm.analytics.mdm.v0.model.ModelUpdateAlgorithmOptionsTest"/>
  <testcase name="testModelUpdateAlgorithmOptionsError" time="0.0" classname="com.ibm.analytics.mdm.v0.model.ModelUpdateAlgorithmOptionsTest"/>
  <testcase name="testDataModelField" time="0.0" classname="com.ibm.analytics.mdm.v0.model.DataModelFieldTest"/>
  <testcase name="testDataModelFieldError" time="0.0" classname="com.ibm.analytics.mdm.v0.model.DataModelFieldTest"/>
  <testcase name="testMatchEntitySizeStats" time="0.0" classname="com.ibm.analytics.mdm.v0.model.MatchEntitySizeStatsTest"/>
  <testcase name="testDataGetJobOptions" time="0.0" classname="com.ibm.analytics.mdm.v0.model.DataGetJobOptionsTest"/>
  <testcase name="testDataGetJobOptionsError" time="0.001" classname="com.ibm.analytics.mdm.v0.model.DataGetJobOptionsTest"/>
  <testcase name="testSingleRecordRequestAttributes" time="0.0" classname="com.ibm.analytics.mdm.v0.model.SingleRecordRequestAttributesTest"/>
  <testcase name="testPutAlgorithmResponseEntityType" time="0.0" classname="com.ibm.analytics.mdm.v0.model.PutAlgorithmResponseEntityTypeTest"/>
  <testcase name="testProjectMetadata" time="0.0" classname="com.ibm.analytics.mdm.v0.model.ProjectMetadataTest"/>
  <testcase name="testProjectMetadataError" time="0.0" classname="com.ibm.analytics.mdm.v0.model.ProjectMetadataTest"/>
  <testcase name="testModelGetCompositeRulesOptions" time="0.0" classname="com.ibm.analytics.mdm.v0.model.ModelGetCompositeRulesOptionsTest"/>
  <testcase name="testModelGetCompositeRulesOptionsError" time="0.0" classname="com.ibm.analytics.mdm.v0.model.ModelGetCompositeRulesOptionsTest"/>
  <testcase name="testTargetObject" time="0.0" classname="com.ibm.analytics.mdm.v0.model.TargetObjectTest"/>
  <testcase name="testPutSetResourcesResponseSetResourceEntry" time="0.0" classname="com.ibm.analytics.mdm.v0.model.PutSetResourcesResponseSetResourceEntryTest"/>
  <testcase name="testExportResponse" time="0.0" classname="com.ibm.analytics.mdm.v0.model.ExportResponseTest"/>
  <testcase name="testModelUpdateCompositeRulesOptions" time="0.005" classname="com.ibm.analytics.mdm.v0.model.ModelUpdateCompositeRulesOptionsTest"/>
  <testcase name="testModelUpdateCompositeRulesOptionsError" time="0.0" classname="com.ibm.analytics.mdm.v0.model.ModelUpdateCompositeRulesOptionsTest"/>
  <testcase name="testCompareRecordsRequestRecordAttributes" time="0.0" classname="com.ibm.analytics.mdm.v0.model.CompareRecordsRequestRecordAttributesTest"/>
  <testcase name="testPutAlgorithmResponseBucketStep" time="0.0" classname="com.ibm.analytics.mdm.v0.model.PutAlgorithmResponseBucketStepTest"/>
  <testcase name="testGetSummaryResponse" time="0.001" classname="com.ibm.analytics.mdm.v0.model.GetSummaryResponseTest"/>
  <testcase name="testPutDataModelResponseAttributeType" time="0.0" classname="com.ibm.analytics.mdm.v0.model.PutDataModelResponseAttributeTypeTest"/>
  <testcase name="testSubgraphEdge" time="0.0" classname="com.ibm.analytics.mdm.v0.model.SubgraphEdgeTest"/>
  <testcase name="testCloudReportIndexOptions" time="0.0" classname="com.ibm.analytics.mdm.v0.model.CloudReportIndexOptionsTest"/>
  <testcase name="testCloudReportIndexOptionsError" time="0.0" classname="com.ibm.analytics.mdm.v0.model.CloudReportIndexOptionsTest"/>
  <testcase name="testCloudMatchJobOptions" time="0.001" classname="com.ibm.analytics.mdm.v0.model.CloudMatchJobOptionsTest"/>
  <testcase name="testCloudMatchJobOptionsError" time="0.0" classname="com.ibm.analytics.mdm.v0.model.CloudMatchJobOptionsTest"/>
  <testcase name="testPutDataModelResponseRelationshipEndpoint" time="0.0" classname="com.ibm.analytics.mdm.v0.model.PutDataModelResponseRelationshipEndpointTest"/>
  <testcase name="testProjectMetadataResponse" time="0.001" classname="com.ibm.analytics.mdm.v0.model.ProjectMetadataResponseTest"/>
  <testcase name="testDataGetExportsOptions" time="0.0" classname="com.ibm.analytics.mdm.v0.model.DataGetExportsOptionsTest"/>
  <testcase name="testAlgorithmEntityType" time="0.004" classname="com.ibm.analytics.mdm.v0.model.AlgorithmEntityTypeTest"/>
  <testcase name="testAlgorithmEntityTypeError" time="0.001" classname="com.ibm.analytics.mdm.v0.model.AlgorithmEntityTypeTest"/>
</testsuite> <!-- Command line test -->
