<?xml version="1.0" encoding="UTF-8"?>
<testng-results skipped="0" failed="0" ignored="0" total="1" passed="1">
  <reporter-output>
  </reporter-output>
  <suite name="com.ibm.analytics.test.SdkCommonTest" duration-ms="92" started-at="2020-11-30T18:38:55 IST" finished-at="2020-11-30T18:38:55 IST">
    <groups>
    </groups>
    <test name="Command line test" duration-ms="92" started-at="2020-11-30T18:38:55 IST" finished-at="2020-11-30T18:38:55 IST">
      <class name="com.ibm.analytics.test.SdkCommonTest">
        <test-method status="PASS" signature="testGetSdkHeaders()[pri:0, instance:com.ibm.analytics.test.SdkCommonTest@79767781]" name="testGetSdkHeaders" duration-ms="20" started-at="2020-11-30T18:38:55 IST" finished-at="2020-11-30T18:38:55 IST">
          <reporter-output>
          </reporter-output>
        </test-method> <!-- testGetSdkHeaders -->
      </class> <!-- com.ibm.analytics.test.SdkCommonTest -->
    </test> <!-- Command line test -->
  </suite> <!-- com.ibm.analytics.test.SdkCommonTest -->
</testng-results>
