<?xml version="1.0" encoding="UTF-8" ?>
<testsuite tests="572" failures="0" name="TestSuite" time="5.003" errors="0" skipped="0">
  <properties>
[...]
</properties>
  <testcase classname="com.ibm.analytics.mdm.v0.MdmTest" name="testAddRuleNoOptions" time="0.957"/>
  <testcase classname="com.ibm.analytics.mdm.v0.MdmTest" name="testAddRuleWOptions" time="0.709"/>
  <testcase classname="com.ibm.analytics.mdm.v0.MdmTest" name="testBulkLoadNoOptions" time="0.005"/>
  <testcase classname="com.ibm.analytics.mdm.v0.MdmTest" name="testBulkLoadWOptions" time="0.066"/>
  <testcase classname="com.ibm.analytics.mdm.v0.MdmTest" name="testCloudDeriveJobNoOptions" time="0.003"/>
  <testcase classname="com.ibm.analytics.mdm.v0.MdmTest" name="testCloudDeriveJobWOptions" time="0.028"/>
  <testcase classname="com.ibm.analytics.mdm.v0.MdmTest" name="testCloudMatchJobNoOptions" time="0.004"/>
  <testcase classname="com.ibm.analytics.mdm.v0.MdmTest" name="testCloudMatchJobWOptions" time="0.018"/>
  <testcase classname="com.ibm.analytics.mdm.v0.MdmTest" name="testCloudReportIndexNoOptions" time="0.003"/>
  <testcase classname="com.ibm.analytics.mdm.v0.MdmTest" name="testCloudReportIndexWOptions" time="0.014"/>
  <testcase classname="com.ibm.analytics.mdm.v0.MdmTest" name="testCompareIndexNoOptions" time="0.002"/>
  <testcase classname="com.ibm.analytics.mdm.v0.MdmTest" name="testCompareIndexWOptions" time="0.069"/>
  <testcase classname="com.ibm.analytics.mdm.v0.MdmTest" name="testConstructorWithNullAuthenticator" time="0.197"/>
  <testcase classname="com.ibm.analytics.mdm.v0.MdmTest" name="testCreateProjectAssetNoOptions" time="0.003"/>
  <testcase classname="com.ibm.analytics.mdm.v0.MdmTest" name="testCreateProjectAssetWOptions" time="0.017"/>
  <testcase classname="com.ibm.analytics.mdm.v0.MdmTest" name="testDataCleanUpJobNoOptions" time="0.004"/>
  <testcase classname="com.ibm.analytics.mdm.v0.MdmTest" name="testDataCleanUpJobWOptions" time="0.016"/>
  <testcase classname="com.ibm.analytics.mdm.v0.MdmTest" name="testDataCreateRecordNoOptions" time="0.002"/>
  <testcase classname="com.ibm.analytics.mdm.v0.MdmTest" name="testDataCreateRecordWOptions" time="0.024"/>
  <testcase classname="com.ibm.analytics.mdm.v0.MdmTest" name="testDataDeleteRecordNoOptions" time="0.005"/>
  <testcase classname="com.ibm.analytics.mdm.v0.MdmTest" name="testDataDeleteRecordWOptions" time="0.016"/>
  <testcase classname="com.ibm.analytics.mdm.v0.MdmTest" name="testDataGenerateBucketCredentialsWOptions" time="0.017"/>
  <testcase classname="com.ibm.analytics.mdm.v0.MdmTest" name="testDataGetEntitiesForRecordNoOptions" time="0.004"/>
  <testcase classname="com.ibm.analytics.mdm.v0.MdmTest" name="testDataGetEntitiesForRecordWOptions" time="0.023"/>
  <testcase classname="com.ibm.analytics.mdm.v0.MdmTest" name="testDataGetEntityNoOptions" time="0.004"/>
  <testcase classname="com.ibm.analytics.mdm.v0.MdmTest" name="testDataGetEntityWOptions" time="0.017"/>
  <testcase classname="com.ibm.analytics.mdm.v0.MdmTest" name="testDataGetExportDownloadNoOptions" time="0.002"/>
  <testcase classname="com.ibm.analytics.mdm.v0.MdmTest" name="testDataGetExportDownloadWOptions" time="0.013"/>
  <testcase classname="com.ibm.analytics.mdm.v0.MdmTest" name="testDataGetExportNoOptions" time="0.002"/>
  <testcase classname="com.ibm.analytics.mdm.v0.MdmTest" name="testDataGetExportWOptions" time="0.073"/>
  <testcase classname="com.ibm.analytics.mdm.v0.MdmTest" name="testDataGetExportsWOptions" time="0.018"/>
  <testcase classname="com.ibm.analytics.mdm.v0.MdmTest" name="testDataGetGraphStatisticsWOptions" time="0.016"/>
  <testcase classname="com.ibm.analytics.mdm.v0.MdmTest" name="testDataGetJobNoOptions" time="0.002"/>
  <testcase classname="com.ibm.analytics.mdm.v0.MdmTest" name="testDataGetJobWOptions" time="0.022"/>
  <testcase classname="com.ibm.analytics.mdm.v0.MdmTest" name="testDataGetJobsWOptions" time="0.019"/>
  <testcase classname="com.ibm.analytics.mdm.v0.MdmTest" name="testDataGetRecordNoOptions" time="0.002"/>
  <testcase classname="com.ibm.analytics.mdm.v0.MdmTest" name="testDataGetRecordWOptions" time="0.014"/>
  <testcase classname="com.ibm.analytics.mdm.v0.MdmTest" name="testDataGetRecordsForEntityNoOptions" time="0.002"/>
  <testcase classname="com.ibm.analytics.mdm.v0.MdmTest" name="testDataGetRecordsForEntityWOptions" time="0.016"/>
  <testcase classname="com.ibm.analytics.mdm.v0.MdmTest" name="testDataGetRecordsWOptions" time="0.013"/>
  <testcase classname="com.ibm.analytics.mdm.v0.MdmTest" name="testDataGetRelatedRecordsForEntityNoOptions" time="0.002"/>
  <testcase classname="com.ibm.analytics.mdm.v0.MdmTest" name="testDataGetRelatedRecordsForEntityWOptions" time="0.022"/>
  <testcase classname="com.ibm.analytics.mdm.v0.MdmTest" name="testDataGetRelatedRecordsForRecordNoOptions" time="0.002"/>
  <testcase classname="com.ibm.analytics.mdm.v0.MdmTest" name="testDataGetRelatedRecordsForRecordWOptions" time="0.015"/>
  <testcase classname="com.ibm.analytics.mdm.v0.MdmTest" name="testDataGetRelationshipForRecordNoOptions" time="0.001"/>
  <testcase classname="com.ibm.analytics.mdm.v0.MdmTest" name="testDataGetRelationshipForRecordWOptions" time="0.021"/>
  <testcase classname="com.ibm.analytics.mdm.v0.MdmTest" name="testDataGetRelationshipsForRecordNoOptions" time="0.002"/>
  <testcase classname="com.ibm.analytics.mdm.v0.MdmTest" name="testDataGetRelationshipsForRecordWOptions" time="0.019"/>
  <testcase classname="com.ibm.analytics.mdm.v0.MdmTest" name="testDataGetSchemaWOptions" time="0.015"/>
  <testcase classname="com.ibm.analytics.mdm.v0.MdmTest" name="testDataGetStorageMetadataWOptions" time="0.014"/>
  <testcase classname="com.ibm.analytics.mdm.v0.MdmTest" name="testDataGetSubgraphWOptions" time="0.028"/>
  <testcase classname="com.ibm.analytics.mdm.v0.MdmTest" name="testDataRevokeBucketCredentialsWOptions" time="0.029"/>
  <testcase classname="com.ibm.analytics.mdm.v0.MdmTest" name="testDataRunBulkLoadWOptions" time="0.061"/>
  <testcase classname="com.ibm.analytics.mdm.v0.MdmTest" name="testDataRunBulkUpdateWOptions" time="0.035"/>
  <testcase classname="com.ibm.analytics.mdm.v0.MdmTest" name="testDataRunExportWOptions" time="0.023"/>
  <testcase classname="com.ibm.analytics.mdm.v0.MdmTest" name="testDataSearchNoOptions" time="0.001"/>
  <testcase classname="com.ibm.analytics.mdm.v0.MdmTest" name="testDataSearchWOptions" time="0.022"/>
  <testcase classname="com.ibm.analytics.mdm.v0.MdmTest" name="testDataStopJobNoOptions" time="0.002"/>
  <testcase classname="com.ibm.analytics.mdm.v0.MdmTest" name="testDataStopJobWOptions" time="0.022"/>
  <testcase classname="com.ibm.analytics.mdm.v0.MdmTest" name="testDataUpdateRecordNoOptions" time="0.002"/>
  <testcase classname="com.ibm.analytics.mdm.v0.MdmTest" name="testDataUpdateRecordWOptions" time="0.09"/>
  <testcase classname="com.ibm.analytics.mdm.v0.MdmTest" name="testDataUpdateSchemaWOptions" time="0.015"/>
  <testcase classname="com.ibm.analytics.mdm.v0.MdmTest" name="testDeleteIndexNoOptions" time="0.002"/>
  <testcase classname="com.ibm.analytics.mdm.v0.MdmTest" name="testDeleteIndexWOptions" time="0.021"/>
  <testcase classname="com.ibm.analytics.mdm.v0.MdmTest" name="testDeriveIndexNoOptions" time="0.002"/>
  <testcase classname="com.ibm.analytics.mdm.v0.MdmTest" name="testDeriveIndexWOptions" time="0.054"/>
  <testcase classname="com.ibm.analytics.mdm.v0.MdmTest" name="testGetCloudJobSummaryNoOptions" time="0.003"/>
  <testcase classname="com.ibm.analytics.mdm.v0.MdmTest" name="testGetCloudJobSummaryWOptions" time="0.025"/>
  <testcase classname="com.ibm.analytics.mdm.v0.MdmTest" name="testGetConfigDataModelAttributesNoOptions" time="0.003"/>
  <testcase classname="com.ibm.analytics.mdm.v0.MdmTest" name="testGetConfigDataModelAttributesWOptions" time="0.022"/>
  <testcase classname="com.ibm.analytics.mdm.v0.MdmTest" name="testGetConfigDataModelNoOptions" time="0.003"/>
  <testcase classname="com.ibm.analytics.mdm.v0.MdmTest" name="testGetConfigDataModelWOptions" time="0.127"/>
  <testcase classname="com.ibm.analytics.mdm.v0.MdmTest" name="testGetCrn" time="0.002"/>
  <testcase classname="com.ibm.analytics.mdm.v0.MdmTest" name="testGetIndexNoOptions" time="0.002"/>
  <testcase classname="com.ibm.analytics.mdm.v0.MdmTest" name="testGetIndexWOptions" time="0.015"/>
  <testcase classname="com.ibm.analytics.mdm.v0.MdmTest" name="testGetMatchingStatisticsNoOptions" time="0.002"/>
  <testcase classname="com.ibm.analytics.mdm.v0.MdmTest" name="testGetMatchingStatisticsWOptions" time="0.026"/>
  <testcase classname="com.ibm.analytics.mdm.v0.MdmTest" name="testGetProcessStatusNoOptions" time="0.001"/>
  <testcase classname="com.ibm.analytics.mdm.v0.MdmTest" name="testGetProcessStatusWOptions" time="0.018"/>
  <testcase classname="com.ibm.analytics.mdm.v0.MdmTest" name="testGetProjectMetadataNoOptions" time="0.001"/>
  <testcase classname="com.ibm.analytics.mdm.v0.MdmTest" name="testGetProjectMetadataWOptions" time="0.017"/>
  <testcase classname="com.ibm.analytics.mdm.v0.MdmTest" name="testGetRecordsNoOptions" time="0.005"/>
  <testcase classname="com.ibm.analytics.mdm.v0.MdmTest" name="testGetRecordsWOptions" time="0.019"/>
  <testcase classname="com.ibm.analytics.mdm.v0.MdmTest" name="testIndexServiceResetNoOptions" time="0.001"/>
  <testcase classname="com.ibm.analytics.mdm.v0.MdmTest" name="testIndexServiceResetWOptions" time="0.014"/>
  <testcase classname="com.ibm.analytics.mdm.v0.MdmTest" name="testIndexSummaryNoOptions" time="0.002"/>
  <testcase classname="com.ibm.analytics.mdm.v0.MdmTest" name="testIndexSummaryWOptions" time="0.021"/>
  <testcase classname="com.ibm.analytics.mdm.v0.MdmTest" name="testInitiateMatchingNoOptions" time="0.002"/>
  <testcase classname="com.ibm.analytics.mdm.v0.MdmTest" name="testInitiateMatchingWOptions" time="0.019"/>
  <testcase classname="com.ibm.analytics.mdm.v0.MdmTest" name="testListEntityNoOptions" time="0.003"/>
  <testcase classname="com.ibm.analytics.mdm.v0.MdmTest" name="testListEntityWOptions" time="0.022"/>
  <testcase classname="com.ibm.analytics.mdm.v0.MdmTest" name="testListProjectsNoOptions" time="0.001"/>
  <testcase classname="com.ibm.analytics.mdm.v0.MdmTest" name="testListProjectsWOptions" time="0.021"/>
  <testcase classname="com.ibm.analytics.mdm.v0.MdmTest" name="testMatchIndexNoOptions" time="0.001"/>
  <testcase classname="com.ibm.analytics.mdm.v0.MdmTest" name="testMatchIndexWOptions" time="0.023"/>
  <testcase classname="com.ibm.analytics.mdm.v0.MdmTest" name="testModelDeleteFlowNoOptions" time="0.002"/>
  <testcase classname="com.ibm.analytics.mdm.v0.MdmTest" name="testModelDeleteFlowWOptions" time="0.016"/>
  <testcase classname="com.ibm.analytics.mdm.v0.MdmTest" name="testModelGetAlgorithmNoOptions" time="0.002"/>
  <testcase classname="com.ibm.analytics.mdm.v0.MdmTest" name="testModelGetAlgorithmWOptions" time="0.102"/>
  <testcase classname="com.ibm.analytics.mdm.v0.MdmTest" name="testModelGetComparespecResourceNoOptions" time="0.002"/>
  <testcase classname="com.ibm.analytics.mdm.v0.MdmTest" name="testModelGetComparespecResourceWOptions" time="0.03"/>
  <testcase classname="com.ibm.analytics.mdm.v0.MdmTest" name="testModelGetCompositeRulesNoOptions" time="0.002"/>
  <testcase classname="com.ibm.analytics.mdm.v0.MdmTest" name="testModelGetCompositeRulesWOptions" time="0.037"/>
  <testcase classname="com.ibm.analytics.mdm.v0.MdmTest" name="testModelGetDataModelNoOptions" time="0.002"/>
  <testcase classname="com.ibm.analytics.mdm.v0.MdmTest" name="testModelGetDataModelWOptions" time="0.118"/>
  <testcase classname="com.ibm.analytics.mdm.v0.MdmTest" name="testModelGetFlowByIdNoOptions" time="0.002"/>
  <testcase classname="com.ibm.analytics.mdm.v0.MdmTest" name="testModelGetFlowByIdWOptions" time="0.034"/>
  <testcase classname="com.ibm.analytics.mdm.v0.MdmTest" name="testModelGetInstanceMetadataNoOptions" time="0.002"/>
  <testcase classname="com.ibm.analytics.mdm.v0.MdmTest" name="testModelGetInstanceMetadataWOptions" time="0.042"/>
  <testcase classname="com.ibm.analytics.mdm.v0.MdmTest" name="testModelGetMapResourceNoOptions" time="0.002"/>
  <testcase classname="com.ibm.analytics.mdm.v0.MdmTest" name="testModelGetMapResourceWOptions" time="0.023"/>
  <testcase classname="com.ibm.analytics.mdm.v0.MdmTest" name="testModelGetSetResourceNoOptions" time="0.002"/>
  <testcase classname="com.ibm.analytics.mdm.v0.MdmTest" name="testModelGetSetResourceWOptions" time="0.024"/>
  <testcase classname="com.ibm.analytics.mdm.v0.MdmTest" name="testModelListComparespecResouresNoOptions" time="0.009"/>
  <testcase classname="com.ibm.analytics.mdm.v0.MdmTest" name="testModelListComparespecResouresWOptions" time="0.031"/>
  <testcase classname="com.ibm.analytics.mdm.v0.MdmTest" name="testModelListMapResourcesNoOptions" time="0.004"/>
  <testcase classname="com.ibm.analytics.mdm.v0.MdmTest" name="testModelListMapResourcesWOptions" time="0.018"/>
  <testcase classname="com.ibm.analytics.mdm.v0.MdmTest" name="testModelListSetResourcesNoOptions" time="0.002"/>
  <testcase classname="com.ibm.analytics.mdm.v0.MdmTest" name="testModelListSetResourcesWOptions" time="0.015"/>
  <testcase classname="com.ibm.analytics.mdm.v0.MdmTest" name="testModelModifyDataModelNoOptions" time="0.001"/>
  <testcase classname="com.ibm.analytics.mdm.v0.MdmTest" name="testModelModifyDataModelWOptions" time="0.108"/>
  <testcase classname="com.ibm.analytics.mdm.v0.MdmTest" name="testModelModifyInstanceMetadataNoOptions" time="0.002"/>
  <testcase classname="com.ibm.analytics.mdm.v0.MdmTest" name="testModelModifyInstanceMetadataWOptions" time="0.02"/>
  <testcase classname="com.ibm.analytics.mdm.v0.MdmTest" name="testModelPatchDataModelNoOptions" time="0.002"/>
  <testcase classname="com.ibm.analytics.mdm.v0.MdmTest" name="testModelPatchDataModelWOptions" time="0.039"/>
  <testcase classname="com.ibm.analytics.mdm.v0.MdmTest" name="testModelPatchFlowNoOptions" time="0.002"/>
  <testcase classname="com.ibm.analytics.mdm.v0.MdmTest" name="testModelPatchFlowWOptions" time="0.015"/>
  <testcase classname="com.ibm.analytics.mdm.v0.MdmTest" name="testModelReplaceAlgorithmNoOptions" time="0.002"/>
  <testcase classname="com.ibm.analytics.mdm.v0.MdmTest" name="testModelReplaceAlgorithmWOptions" time="0.1"/>
  <testcase classname="com.ibm.analytics.mdm.v0.MdmTest" name="testModelReplaceMapResourceNoOptions" time="0.002"/>
  <testcase classname="com.ibm.analytics.mdm.v0.MdmTest" name="testModelReplaceMapResourceWOptions" time="0.034"/>
  <testcase classname="com.ibm.analytics.mdm.v0.MdmTest" name="testModelReplaceSetResourceNoOptions" time="0.001"/>
  <testcase classname="com.ibm.analytics.mdm.v0.MdmTest" name="testModelReplaceSetResourceWOptions" time="0.028"/>
  <testcase classname="com.ibm.analytics.mdm.v0.MdmTest" name="testModelReplaceSpecResourceNoOptions" time="0.002"/>
  <testcase classname="com.ibm.analytics.mdm.v0.MdmTest" name="testModelReplaceSpecResourceWOptions" time="0.033"/>
  <testcase classname="com.ibm.analytics.mdm.v0.MdmTest" name="testModelUpdateAlgorithmNoOptions" time="0.001"/>
  <testcase classname="com.ibm.analytics.mdm.v0.MdmTest" name="testModelUpdateAlgorithmWOptions" time="0.02"/>
  <testcase classname="com.ibm.analytics.mdm.v0.MdmTest" name="testModelUpdateCompositeRulesNoOptions" time="0.002"/>
  <testcase classname="com.ibm.analytics.mdm.v0.MdmTest" name="testModelUpdateCompositeRulesWOptions" time="0.039"/>
  <testcase classname="com.ibm.analytics.mdm.v0.MdmTest" name="testPreviewRulesNoOptions" time="0.003"/>
  <testcase classname="com.ibm.analytics.mdm.v0.MdmTest" name="testPreviewRulesWOptions" time="0.015"/>
  <testcase classname="com.ibm.analytics.mdm.v0.MdmTest" name="testPublishModelNoOptions" time="0.001"/>
  <testcase classname="com.ibm.analytics.mdm.v0.MdmTest" name="testPublishModelWOptions" time="0.017"/>
  <testcase classname="com.ibm.analytics.mdm.v0.MdmTest" name="testPutConfigDataModelNoOptions" time="0.002"/>
  <testcase classname="com.ibm.analytics.mdm.v0.MdmTest" name="testPutConfigDataModelWOptions" time="0.081"/>
  <testcase classname="com.ibm.analytics.mdm.v0.MdmTest" name="testRemoveRuleNoOptions" time="0.002"/>
  <testcase classname="com.ibm.analytics.mdm.v0.MdmTest" name="testRemoveRuleWOptions" time="0.013"/>
  <testcase classname="com.ibm.analytics.mdm.v0.MdmTest" name="testReplaceProjectAssetNoOptions" time="0.001"/>
  <testcase classname="com.ibm.analytics.mdm.v0.MdmTest" name="testReplaceProjectAssetWOptions" time="0.012"/>
  <testcase classname="com.ibm.analytics.mdm.v0.MdmTest" name="testReplaceProjectMetadataNoOptions" time="0.002"/>
  <testcase classname="com.ibm.analytics.mdm.v0.MdmTest" name="testReplaceProjectMetadataWOptions" time="0.013"/>
  <testcase classname="com.ibm.analytics.mdm.v0.MdmTest" name="testRetrieveRulesFromRecidNoOptions" time="0.002"/>
  <testcase classname="com.ibm.analytics.mdm.v0.MdmTest" name="testRetrieveRulesFromRecidWOptions" time="0.012"/>
  <testcase classname="com.ibm.analytics.mdm.v0.MdmTest" name="testRetrieveRulesNoOptions" time="0.002"/>
  <testcase classname="com.ibm.analytics.mdm.v0.MdmTest" name="testRetrieveRulesWOptions" time="0.015"/>
  <testcase classname="com.ibm.analytics.mdm.v0.MdmTest" name="testSearchIndexNoOptions" time="0.002"/>
  <testcase classname="com.ibm.analytics.mdm.v0.MdmTest" name="testSearchIndexWOptions" time="0.034"/>
  <testcase classname="com.ibm.analytics.mdm.v0.MdmTest" name="testSuggestDataMappingsNoOptions" time="0.002"/>
  <testcase classname="com.ibm.analytics.mdm.v0.MdmTest" name="testSuggestDataMappingsWOptions" time="0.038"/>
  <testcase classname="com.ibm.analytics.mdm.v0.MdmTest" name="testSuggestMatchingAttributesNoOptions" time="0.002"/>
  <testcase classname="com.ibm.analytics.mdm.v0.MdmTest" name="testSuggestMatchingAttributesWOptions" time="0.026"/>
  <testcase classname="com.ibm.analytics.mdm.v0.MdmTest" name="testUpdateProjectMetadataNoOptions" time="0.002"/>
  <testcase classname="com.ibm.analytics.mdm.v0.MdmTest" name="testUpdateProjectMetadataWOptions" time="0.03"/>
  <testcase classname="com.ibm.analytics.mdm.v0.model.AlgorithmInputTest" name="testAlgorithmInput" time="0.014"/>
  <testcase classname="com.ibm.analytics.mdm.v0.model.AlgorithmInputTest" name="testAlgorithmInputError" time="0"/>
  <testcase classname="com.ibm.analytics.mdm.v0.model.ProcessStatusTest" name="testProcessStatus" time="0"/>
  <testcase classname="com.ibm.analytics.mdm.v0.model.IndexServiceResetOptionsTest" name="testIndexServiceResetOptions" time="0"/>
  <testcase classname="com.ibm.analytics.mdm.v0.model.IndexServiceResetOptionsTest" name="testIndexServiceResetOptionsError" time="0"/>
  <testcase classname="com.ibm.analytics.mdm.v0.model.AssetMappingTest" name="testAssetMapping" time="0.003"/>
  <testcase classname="com.ibm.analytics.mdm.v0.model.MatchAttributeTest" name="testMatchAttribute" time="0"/>
  <testcase classname="com.ibm.analytics.mdm.v0.model.RulesResponseEntityRuleTest" name="testRulesResponseEntityRule" time="0"/>
  <testcase classname="com.ibm.analytics.mdm.v0.model.GetRecordKeysTest" name="testGetRecordKeys" time="0"/>
  <testcase classname="com.ibm.analytics.mdm.v0.model.DataSourceDetailsRequestTest" name="testDataSourceDetailsRequest" time="0.001"/>
  <testcase classname="com.ibm.analytics.mdm.v0.model.DataModelRelationshipTypeSystemPropertiesTest" name="testDataModelRelationshipTypeSystemProperties" time="0.006"/>
  <testcase classname="com.ibm.analytics.mdm.v0.model.DataModelRelationshipTypeSystemPropertiesTest" name="testDataModelRelationshipTypeSystemPropertiesError" time="0"/>
  <testcase classname="com.ibm.analytics.mdm.v0.model.AttributeTypeTest" name="testAttributeType" time="0.004"/>
  <testcase classname="com.ibm.analytics.mdm.v0.model.AttributeTypeTest" name="testAttributeTypeError" time="0.001"/>
  <testcase classname="com.ibm.analytics.mdm.v0.model.PutAlgorithmResponseCompareStepTest" name="testPutAlgorithmResponseCompareStep" time="0.001"/>
  <testcase classname="com.ibm.analytics.mdm.v0.model.DataCleanUpJobOptionsTest" name="testDataCleanUpJobOptions" time="0.001"/>
  <testcase classname="com.ibm.analytics.mdm.v0.model.DataCleanUpJobOptionsTest" name="testDataCleanUpJobOptionsError" time="0"/>
  <testcase classname="com.ibm.analytics.mdm.v0.model.ModelGetAlgorithmOptionsTest" name="testModelGetAlgorithmOptions" time="0"/>
  <testcase classname="com.ibm.analytics.mdm.v0.model.ModelGetAlgorithmOptionsTest" name="testModelGetAlgorithmOptionsError" time="0"/>
  <testcase classname="com.ibm.analytics.mdm.v0.model.CreateProjectAssetOptionsTest" name="testCreateProjectAssetOptions" time="0"/>
  <testcase classname="com.ibm.analytics.mdm.v0.model.CreateProjectAssetOptionsTest" name="testCreateProjectAssetOptionsError" time="0"/>
  <testcase classname="com.ibm.analytics.mdm.v0.model.ModelListSetResourcesOptionsTest" name="testModelListSetResourcesOptions" time="0"/>
  <testcase classname="com.ibm.analytics.mdm.v0.model.ModelListSetResourcesOptionsTest" name="testModelListSetResourcesOptionsError" time="0"/>
  <testcase classname="com.ibm.analytics.mdm.v0.model.ListEntityOptionsTest" name="testListEntityOptions" time="0.001"/>
  <testcase classname="com.ibm.analytics.mdm.v0.model.ListEntityOptionsTest" name="testListEntityOptionsError" time="0"/>
  <testcase classname="com.ibm.analytics.mdm.v0.model.EntityBreakdownTest" name="testEntityBreakdown" time="0.001"/>
  <testcase classname="com.ibm.analytics.mdm.v0.model.PublishModelOptionsTest" name="testPublishModelOptions" time="0"/>
  <testcase classname="com.ibm.analytics.mdm.v0.model.PublishModelOptionsTest" name="testPublishModelOptionsError" time="0.001"/>
  <testcase classname="com.ibm.analytics.mdm.v0.model.PreviewRulesOptionsTest" name="testPreviewRulesOptions" time="0.002"/>
  <testcase classname="com.ibm.analytics.mdm.v0.model.PreviewRulesOptionsTest" name="testPreviewRulesOptionsError" time="0"/>
  <testcase classname="com.ibm.analytics.mdm.v0.model.RecordTest" name="testRecord" time="0.004"/>
  <testcase classname="com.ibm.analytics.mdm.v0.model.RecordTest" name="testRecordError" time="0"/>
  <testcase classname="com.ibm.analytics.mdm.v0.model.DataGetRelatedRecordsForEntityOptionsTest" name="testDataGetRelatedRecordsForEntityOptions" time="0"/>
  <testcase classname="com.ibm.analytics.mdm.v0.model.DataGetRelatedRecordsForEntityOptionsTest" name="testDataGetRelatedRecordsForEntityOptionsError" time="0"/>
  <testcase classname="com.ibm.analytics.mdm.v0.model.PutCompareSpecResourcesResponseFeatureCategoryTest" name="testPutCompareSpecResourcesResponseFeatureCategory" time="0"/>
  <testcase classname="com.ibm.analytics.mdm.v0.model.DataModelEntityTypeSystemPropertiesTest" name="testDataModelEntityTypeSystemProperties" time="0.001"/>
  <testcase classname="com.ibm.analytics.mdm.v0.model.DataModelEntityTypeSystemPropertiesTest" name="testDataModelEntityTypeSystemPropertiesError" time="0.001"/>
  <testcase classname="com.ibm.analytics.mdm.v0.model.PutDataModelResponseTest" name="testPutDataModelResponse" time="0.001"/>
  <testcase classname="com.ibm.analytics.mdm.v0.model.PostSearchResponseComparisonTest" name="testPostSearchResponseComparison" time="0"/>
  <testcase classname="com.ibm.analytics.mdm.v0.model.PostResetResponseTest" name="testPostResetResponse" time="0"/>
  <testcase classname="com.ibm.analytics.mdm.v0.model.DataGetRelationshipForRecordOptionsTest" name="testDataGetRelationshipForRecordOptions" time="0"/>
  <testcase classname="com.ibm.analytics.mdm.v0.model.DataGetRelationshipForRecordOptionsTest" name="testDataGetRelationshipForRecordOptionsError" time="0"/>
  <testcase classname="com.ibm.analytics.mdm.v0.model.AlgorithmMethodsTest" name="testAlgorithmMethods" time="0.003"/>
  <testcase classname="com.ibm.analytics.mdm.v0.model.RecordResponseTest" name="testRecordResponse" time="0"/>
  <testcase classname="com.ibm.analytics.mdm.v0.model.DataModelRecordTypeTest" name="testDataModelRecordType" time="0.01"/>
  <testcase classname="com.ibm.analytics.mdm.v0.model.DataModelRecordTypeTest" name="testDataModelRecordTypeError" time="0"/>
  <testcase classname="com.ibm.analytics.mdm.v0.model.PutDataModelResponseAttributeTest" name="testPutDataModelResponseAttribute" time="0"/>
  <testcase classname="com.ibm.analytics.mdm.v0.model.RemoveRuleOptionsTest" name="testRemoveRuleOptions" time="0"/>
  <testcase classname="com.ibm.analytics.mdm.v0.model.RemoveRuleOptionsTest" name="testRemoveRuleOptionsError" time="0"/>
  <testcase classname="com.ibm.analytics.mdm.v0.model.DataGetRecordsOptionsTest" name="testDataGetRecordsOptions" time="0"/>
  <testcase classname="com.ibm.analytics.mdm.v0.model.PublishDataRequestCosDetailsTest" name="testPublishDataRequestCosDetails" time="0.002"/>
  <testcase classname="com.ibm.analytics.mdm.v0.model.ReplaceProjectAssetOptionsTest" name="testReplaceProjectAssetOptions" time="0.001"/>
  <testcase classname="com.ibm.analytics.mdm.v0.model.ReplaceProjectAssetOptionsTest" name="testReplaceProjectAssetOptionsError" time="0"/>
  <testcase classname="com.ibm.analytics.mdm.v0.model.ExportsResponseTest" name="testExportsResponse" time="0"/>
  <testcase classname="com.ibm.analytics.mdm.v0.model.ModelPatchDataModelOptionsTest" name="testModelPatchDataModelOptions" time="0.019"/>
  <testcase classname="com.ibm.analytics.mdm.v0.model.ModelPatchDataModelOptionsTest" name="testModelPatchDataModelOptionsError" time="0"/>
  <testcase classname="com.ibm.analytics.mdm.v0.model.PageLinkTest" name="testPageLink" time="0"/>
  <testcase classname="com.ibm.analytics.mdm.v0.model.GetEntityIdsTest" name="testGetEntityIds" time="0"/>
  <testcase classname="com.ibm.analytics.mdm.v0.model.PutDataModelResponseFieldTest" name="testPutDataModelResponseField" time="0"/>
  <testcase classname="com.ibm.analytics.mdm.v0.model.PutDataModelResponseRelationshipTypeSystemPropertiesTest" name="testPutDataModelResponseRelationshipTypeSystemProperties" time="0.001"/>
  <testcase classname="com.ibm.analytics.mdm.v0.model.GetRecordKeysRecordinfoTest" name="testGetRecordKeysRecordinfo" time="0"/>
  <testcase classname="com.ibm.analytics.mdm.v0.model.AssetTest" name="testAsset" time="0"/>
  <testcase classname="com.ibm.analytics.mdm.v0.model.ListProjectsOptionsTest" name="testListProjectsOptions" time="0.001"/>
  <testcase classname="com.ibm.analytics.mdm.v0.model.ListProjectsOptionsTest" name="testListProjectsOptionsError" time="0"/>
  <testcase classname="com.ibm.analytics.mdm.v0.model.ConfigDataModelResponseDataModelTest" name="testConfigDataModelResponseDataModel" time="0.001"/>
  <testcase classname="com.ibm.analytics.mdm.v0.model.AttributeTest" name="testAttribute" time="0.001"/>
  <testcase classname="com.ibm.analytics.mdm.v0.model.AttributeTest" name="testAttributeError" time="0.001"/>
  <testcase classname="com.ibm.analytics.mdm.v0.model.SummaryTest" name="testSummary" time="0.001"/>
  <testcase classname="com.ibm.analytics.mdm.v0.model.PostSearchResponseMethodTest" name="testPostSearchResponseMethod" time="0.001"/>
  <testcase classname="com.ibm.analytics.mdm.v0.model.PutAlgorithmResponseMethodsTest" name="testPutAlgorithmResponseMethods" time="0"/>
  <testcase classname="com.ibm.analytics.mdm.v0.model.BucketCredentialsRequestTest" name="testBucketCredentialsRequest" time="0.001"/>
  <testcase classname="com.ibm.analytics.mdm.v0.model.ModelGetInstanceMetadataOptionsTest" name="testModelGetInstanceMetadataOptions" time="0"/>
  <testcase classname="com.ibm.analytics.mdm.v0.model.ModelGetInstanceMetadataOptionsTest" name="testModelGetInstanceMetadataOptionsError" time="0"/>
  <testcase classname="com.ibm.analytics.mdm.v0.model.PutCompareSpecResourcesResponseCompareSpecResourcesTest" name="testPutCompareSpecResourcesResponseCompareSpecResources" time="0.001"/>
  <testcase classname="com.ibm.analytics.mdm.v0.model.DataGetStorageMetadataResponseCloudStorageMetadataResponseTest" name="testDataGetStorageMetadataResponseCloudStorageMetadataResponse" time="0.002"/>
  <testcase classname="com.ibm.analytics.mdm.v0.model.ModelGetDataModelOptionsTest" name="testModelGetDataModelOptions" time="0"/>
  <testcase classname="com.ibm.analytics.mdm.v0.model.ModelGetDataModelOptionsTest" name="testModelGetDataModelOptionsError" time="0.001"/>
  <testcase classname="com.ibm.analytics.mdm.v0.model.SystemPropertiesForRelationshipTypesTest" name="testSystemPropertiesForRelationshipTypes" time="0.002"/>
  <testcase classname="com.ibm.analytics.mdm.v0.model.SystemPropertiesForRelationshipTypesTest" name="testSystemPropertiesForRelationshipTypesError" time="0"/>
  <testcase classname="com.ibm.analytics.mdm.v0.model.DataGetExportOptionsTest" name="testDataGetExportOptions" time="0"/>
  <testcase classname="com.ibm.analytics.mdm.v0.model.DataGetExportOptionsTest" name="testDataGetExportOptionsError" time="0"/>
  <testcase classname="com.ibm.analytics.mdm.v0.model.RecordTypeTest" name="testRecordType" time="0.004"/>
  <testcase classname="com.ibm.analytics.mdm.v0.model.RecordTypeTest" name="testRecordTypeError" time="0.001"/>
  <testcase classname="com.ibm.analytics.mdm.v0.model.SearchFilterRequestTest" name="testSearchFilterRequest" time="0.001"/>
  <testcase classname="com.ibm.analytics.mdm.v0.model.MapResourceNamesTest" name="testMapResourceNames" time="0"/>
  <testcase classname="com.ibm.analytics.mdm.v0.model.PutCompositeRulesResponseRecordTypeTest" name="testPutCompositeRulesResponseRecordType" time="0"/>
  <testcase classname="com.ibm.analytics.mdm.v0.model.ModelGetMapResourceOptionsTest" name="testModelGetMapResourceOptions" time="0"/>
  <testcase classname="com.ibm.analytics.mdm.v0.model.ModelGetMapResourceOptionsTest" name="testModelGetMapResourceOptionsError" time="0"/>
  <testcase classname="com.ibm.analytics.mdm.v0.model.DataGetEntityOptionsTest" name="testDataGetEntityOptions" time="0"/>
  <testcase classname="com.ibm.analytics.mdm.v0.model.DataGetEntityOptionsTest" name="testDataGetEntityOptionsError" time="0"/>
  <testcase classname="com.ibm.analytics.mdm.v0.model.RuleTest" name="testRule" time="0.002"/>
  <testcase classname="com.ibm.analytics.mdm.v0.model.CompositeRulesRecordTypeTest" name="testCompositeRulesRecordType" time="0.005"/>
  <testcase classname="com.ibm.analytics.mdm.v0.model.SourceObjectTest" name="testSourceObject" time="0"/>
  <testcase classname="com.ibm.analytics.mdm.v0.model.BulkLoadOptionsTest" name="testBulkLoadOptions" time="0.001"/>
  <testcase classname="com.ibm.analytics.mdm.v0.model.BulkLoadOptionsTest" name="testBulkLoadOptionsError" time="0"/>
  <testcase classname="com.ibm.analytics.mdm.v0.model.GetCloudJobSummaryResponseTest" name="testGetCloudJobSummaryResponse" time="0"/>
  <testcase classname="com.ibm.analytics.mdm.v0.model.PublishModelStatusPublishModelStatusTest" name="testPublishModelStatusPublishModelStatus" time="0.001"/>
  <testcase classname="com.ibm.analytics.mdm.v0.model.DataModelSystemPropertiesTest" name="testDataModelSystemProperties" time="0.003"/>
  <testcase classname="com.ibm.analytics.mdm.v0.model.DataModelSystemPropertiesTest" name="testDataModelSystemPropertiesError" time="0"/>
  <testcase classname="com.ibm.analytics.mdm.v0.model.GetSummaryResponseStatsAndEntitiesTest" name="testGetSummaryResponseStatsAndEntities" time="0"/>
  <testcase classname="com.ibm.analytics.mdm.v0.model.DataCreateRecordOptionsTest" name="testDataCreateRecordOptions" time="0.002"/>
  <testcase classname="com.ibm.analytics.mdm.v0.model.DataCreateRecordOptionsTest" name="testDataCreateRecordOptionsError" time="0"/>
  <testcase classname="com.ibm.analytics.mdm.v0.model.MetadataTest" name="testMetadata" time="0"/>
  <testcase classname="com.ibm.analytics.mdm.v0.model.UpdateProjectMetadataOptionsTest" name="testUpdateProjectMetadataOptions" time="0"/>
  <testcase classname="com.ibm.analytics.mdm.v0.model.UpdateProjectMetadataOptionsTest" name="testUpdateProjectMetadataOptionsError" time="0.001"/>
  <testcase classname="com.ibm.analytics.mdm.v0.model.SystemPropertiesForAttributeTypesTest" name="testSystemPropertiesForAttributeTypes" time="0.001"/>
  <testcase classname="com.ibm.analytics.mdm.v0.model.SystemPropertiesForAttributeTypesTest" name="testSystemPropertiesForAttributeTypesError" time="0"/>
  <testcase classname="com.ibm.analytics.mdm.v0.model.PostSearchResponseTest" name="testPostSearchResponse" time="0.001"/>
  <testcase classname="com.ibm.analytics.mdm.v0.model.PutDataModelResponseSystemPropertiesTest" name="testPutDataModelResponseSystemProperties" time="0"/>
  <testcase classname="com.ibm.analytics.mdm.v0.model.GetCloudJobSummaryOptionsTest" name="testGetCloudJobSummaryOptions" time="0"/>
  <testcase classname="com.ibm.analytics.mdm.v0.model.GetCloudJobSummaryOptionsTest" name="testGetCloudJobSummaryOptionsError" time="0"/>
  <testcase classname="com.ibm.analytics.mdm.v0.model.StatisticTest" name="testStatistic" time="0"/>
  <testcase classname="com.ibm.analytics.mdm.v0.model.PutDataModelResponseRecordTypeSystemPropertiesTest" name="testPutDataModelResponseRecordTypeSystemProperties" time="0"/>
  <testcase classname="com.ibm.analytics.mdm.v0.model.DataUpdateRecordOptionsTest" name="testDataUpdateRecordOptions" time="0.002"/>
  <testcase classname="com.ibm.analytics.mdm.v0.model.DataUpdateRecordOptionsTest" name="testDataUpdateRecordOptionsError" time="0"/>
  <testcase classname="com.ibm.analytics.mdm.v0.model.PutSetResourcesResponseTest" name="testPutSetResourcesResponse" time="0.001"/>
  <testcase classname="com.ibm.analytics.mdm.v0.model.PutAlgorithmResponseCompareMethodTest" name="testPutAlgorithmResponseCompareMethod" time="0"/>
  <testcase classname="com.ibm.analytics.mdm.v0.model.CompareSpecResourceTest" name="testCompareSpecResource" time="0.004"/>
  <testcase classname="com.ibm.analytics.mdm.v0.model.CompareSpecResourceTest" name="testCompareSpecResourceError" time="0"/>
  <testcase classname="com.ibm.analytics.mdm.v0.model.DataStopJobOptionsTest" name="testDataStopJobOptions" time="0"/>
  <testcase classname="com.ibm.analytics.mdm.v0.model.DataStopJobOptionsTest" name="testDataStopJobOptionsError" time="0"/>
  <testcase classname="com.ibm.analytics.mdm.v0.model.SystemPropertiesForRecordTypesTest" name="testSystemPropertiesForRecordTypes" time="0.001"/>
  <testcase classname="com.ibm.analytics.mdm.v0.model.SystemPropertiesForRecordTypesTest" name="testSystemPropertiesForRecordTypesError" time="0"/>
  <testcase classname="com.ibm.analytics.mdm.v0.model.SchemaResponseTest" name="testSchemaResponse" time="0.001"/>
  <testcase classname="com.ibm.analytics.mdm.v0.model.PostDeriveResponseIndexResponseTest" name="testPostDeriveResponseIndexResponse" time="0"/>
  <testcase classname="com.ibm.analytics.mdm.v0.model.DeriveRecordsRequestRecordTest" name="testDeriveRecordsRequestRecord" time="0.001"/>
  <testcase classname="com.ibm.analytics.mdm.v0.model.DeriveRecordsRequestRecordTest" name="testDeriveRecordsRequestRecordError" time="0.001"/>
  <testcase classname="com.ibm.analytics.mdm.v0.model.JobsResponseTest" name="testJobsResponse" time="0"/>
  <testcase classname="com.ibm.analytics.mdm.v0.model.PutCompositeRulesResponseRuleTest" name="testPutCompositeRulesResponseRule" time="0"/>
  <testcase classname="com.ibm.analytics.mdm.v0.model.PutMapResourcesResponseTest" name="testPutMapResourcesResponse" time="0.001"/>
  <testcase classname="com.ibm.analytics.mdm.v0.model.ModelDeleteFlowOptionsTest" name="testModelDeleteFlowOptions" time="0"/>
  <testcase classname="com.ibm.analytics.mdm.v0.model.ModelDeleteFlowOptionsTest" name="testModelDeleteFlowOptionsError" time="0"/>
  <testcase classname="com.ibm.analytics.mdm.v0.model.PutIndexResponseRecordinfoTest" name="testPutIndexResponseRecordinfo" time="0"/>
  <testcase classname="com.ibm.analytics.mdm.v0.model.DeriveIndexOptionsTest" name="testDeriveIndexOptions" time="0.001"/>
  <testcase classname="com.ibm.analytics.mdm.v0.model.DeriveIndexOptionsTest" name="testDeriveIndexOptionsError" time="0"/>
  <testcase classname="com.ibm.analytics.mdm.v0.model.CompareResponseComparedValuesDetailsTest" name="testCompareResponseComparedValuesDetails" time="0.001"/>
  <testcase classname="com.ibm.analytics.mdm.v0.model.PutAlgorithmResponseInputTest" name="testPutAlgorithmResponseInput" time="0"/>
  <testcase classname="com.ibm.analytics.mdm.v0.model.SubgraphResponseTest" name="testSubgraphResponse" time="0"/>
  <testcase classname="com.ibm.analytics.mdm.v0.model.ModelGetSetResourceOptionsTest" name="testModelGetSetResourceOptions" time="0"/>
  <testcase classname="com.ibm.analytics.mdm.v0.model.ModelGetSetResourceOptionsTest" name="testModelGetSetResourceOptionsError" time="0"/>
  <testcase classname="com.ibm.analytics.mdm.v0.model.RetrieveRulesOptionsTest" name="testRetrieveRulesOptions" time="0.001"/>
  <testcase classname="com.ibm.analytics.mdm.v0.model.RetrieveRulesOptionsTest" name="testRetrieveRulesOptionsError" time="0"/>
  <testcase classname="com.ibm.analytics.mdm.v0.model.PutAlgorithmResponseTest" name="testPutAlgorithmResponse" time="0"/>
  <testcase classname="com.ibm.analytics.mdm.v0.model.SearchIndexOptionsTest" name="testSearchIndexOptions" time="0.001"/>
  <testcase classname="com.ibm.analytics.mdm.v0.model.SearchIndexOptionsTest" name="testSearchIndexOptionsError" time="0"/>
  <testcase classname="com.ibm.analytics.mdm.v0.model.PutAlgorithmResponseStandardizerTest" name="testPutAlgorithmResponseStandardizer" time="0"/>
  <testcase classname="com.ibm.analytics.mdm.v0.model.ModelReplaceSpecResourceOptionsTest" name="testModelReplaceSpecResourceOptions" time="0.003"/>
  <testcase classname="com.ibm.analytics.mdm.v0.model.ModelReplaceSpecResourceOptionsTest" name="testModelReplaceSpecResourceOptionsError" time="0"/>
  <testcase classname="com.ibm.analytics.mdm.v0.model.RelationshipResponseTest" name="testRelationshipResponse" time="0"/>
  <testcase classname="com.ibm.analytics.mdm.v0.model.MatchStatisticsTest" name="testMatchStatistics" time="0"/>
  <testcase classname="com.ibm.analytics.mdm.v0.model.GetFlowResponseTest" name="testGetFlowResponse" time="0"/>
  <testcase classname="com.ibm.analytics.mdm.v0.model.DataGetGraphStatisticsOptionsTest" name="testDataGetGraphStatisticsOptions" time="0"/>
  <testcase classname="com.ibm.analytics.mdm.v0.model.DataGetEntitiesForRecordOptionsTest" name="testDataGetEntitiesForRecordOptions" time="0.001"/>
  <testcase classname="com.ibm.analytics.mdm.v0.model.DataGetEntitiesForRecordOptionsTest" name="testDataGetEntitiesForRecordOptionsError" time="0"/>
  <testcase classname="com.ibm.analytics.mdm.v0.model.AlgorithmCompareStepTest" name="testAlgorithmCompareStep" time="0.001"/>
  <testcase classname="com.ibm.analytics.mdm.v0.model.AlgorithmCompareStepTest" name="testAlgorithmCompareStepError" time="0"/>
  <testcase classname="com.ibm.analytics.mdm.v0.model.DataGetSchemaOptionsTest" name="testDataGetSchemaOptions" time="0.001"/>
  <testcase classname="com.ibm.analytics.mdm.v0.model.PutCompositeRulesResponseTest" name="testPutCompositeRulesResponse" time="0"/>
  <testcase classname="com.ibm.analytics.mdm.v0.model.DataRunExportOptionsTest" name="testDataRunExportOptions" time="0.002"/>
  <testcase classname="com.ibm.analytics.mdm.v0.model.GetSummaryResponseEntitySizeStatsTest" name="testGetSummaryResponseEntitySizeStats" time="0"/>
  <testcase classname="com.ibm.analytics.mdm.v0.model.CompositeRulesRuleTest" name="testCompositeRulesRule" time="0"/>
  <testcase classname="com.ibm.analytics.mdm.v0.model.CompositeRulesRuleTest" name="testCompositeRulesRuleError" time="0"/>
  <testcase classname="com.ibm.analytics.mdm.v0.model.DataRevokeBucketCredentialsOptionsTest" name="testDataRevokeBucketCredentialsOptions" time="0.001"/>
  <testcase classname="com.ibm.analytics.mdm.v0.model.DataGetExportDownloadOptionsTest" name="testDataGetExportDownloadOptions" time="0"/>
  <testcase classname="com.ibm.analytics.mdm.v0.model.DataGetExportDownloadOptionsTest" name="testDataGetExportDownloadOptionsError" time="0"/>
  <testcase classname="com.ibm.analytics.mdm.v0.model.CriteriaRequestTest" name="testCriteriaRequest" time="0.001"/>
  <testcase classname="com.ibm.analytics.mdm.v0.model.InstanceMetadataProjectTest" name="testInstanceMetadataProject" time="0"/>
  <testcase classname="com.ibm.analytics.mdm.v0.model.InstanceMetadataProjectTest" name="testInstanceMetadataProjectError" time="0"/>
  <testcase classname="com.ibm.analytics.mdm.v0.model.InstanceMetadataCatalogTest" name="testInstanceMetadataCatalog" time="0.001"/>
  <testcase classname="com.ibm.analytics.mdm.v0.model.InstanceMetadataCatalogTest" name="testInstanceMetadataCatalogError" time="0"/>
  <testcase classname="com.ibm.analytics.mdm.v0.model.IndexSummaryOptionsTest" name="testIndexSummaryOptions" time="0.001"/>
  <testcase classname="com.ibm.analytics.mdm.v0.model.IndexSummaryOptionsTest" name="testIndexSummaryOptionsError" time="0"/>
  <testcase classname="com.ibm.analytics.mdm.v0.model.PutDataModelResponseEntityTypeTest" name="testPutDataModelResponseEntityType" time="0"/>
  <testcase classname="com.ibm.analytics.mdm.v0.model.SystemPropertiesTest" name="testSystemProperties" time="0.001"/>
  <testcase classname="com.ibm.analytics.mdm.v0.model.CompareSpecResourceNamesTest" name="testCompareSpecResourceNames" time="0"/>
  <testcase classname="com.ibm.analytics.mdm.v0.model.DataModelAttributeTest" name="testDataModelAttribute" time="0"/>
  <testcase classname="com.ibm.analytics.mdm.v0.model.DataModelAttributeTest" name="testDataModelAttributeError" time="0"/>
  <testcase classname="com.ibm.analytics.mdm.v0.model.SuggestedDataMappingResponseTest" name="testSuggestedDataMappingResponse" time="0"/>
  <testcase classname="com.ibm.analytics.mdm.v0.model.DataSearchOptionsTest" name="testDataSearchOptions" time="0.012"/>
  <testcase classname="com.ibm.analytics.mdm.v0.model.PutAlgorithmResponseAlgorithmTest" name="testPutAlgorithmResponseAlgorithm" time="0"/>
  <testcase classname="com.ibm.analytics.mdm.v0.model.DataDeleteRecordOptionsTest" name="testDataDeleteRecordOptions" time="0.001"/>
  <testcase classname="com.ibm.analytics.mdm.v0.model.DataDeleteRecordOptionsTest" name="testDataDeleteRecordOptionsError" time="0"/>
  <testcase classname="com.ibm.analytics.mdm.v0.model.PostDeriveResponseTest" name="testPostDeriveResponse" time="0"/>
  <testcase classname="com.ibm.analytics.mdm.v0.model.GetSummaryResponseEntitiesTest" name="testGetSummaryResponseEntities" time="0"/>
  <testcase classname="com.ibm.analytics.mdm.v0.model.AssetMetadataResponseTest" name="testAssetMetadataResponse" time="0"/>
  <testcase classname="com.ibm.analytics.mdm.v0.model.DataGetJobsOptionsTest" name="testDataGetJobsOptions" time="0"/>
  <testcase classname="com.ibm.analytics.mdm.v0.model.AddRuleOptionsTest" name="testAddRuleOptions" time="0"/>
  <testcase classname="com.ibm.analytics.mdm.v0.model.AddRuleOptionsTest" name="testAddRuleOptionsError" time="0"/>
  <testcase classname="com.ibm.analytics.mdm.v0.model.ProcessStatusStatusPublishModelStatusTest" name="testProcessStatusStatusPublishModelStatus" time="0"/>
  <testcase classname="com.ibm.analytics.mdm.v0.model.PutConfigDataModelOptionsTest" name="testPutConfigDataModelOptions" time="0.008"/>
  <testcase classname="com.ibm.analytics.mdm.v0.model.PutConfigDataModelOptionsTest" name="testPutConfigDataModelOptionsError" time="0"/>
  <testcase classname="com.ibm.analytics.mdm.v0.model.ReplaceProjectMetadataOptionsTest" name="testReplaceProjectMetadataOptions" time="0.001"/>
  <testcase classname="com.ibm.analytics.mdm.v0.model.ReplaceProjectMetadataOptionsTest" name="testReplaceProjectMetadataOptionsError" time="0"/>
  <testcase classname="com.ibm.analytics.mdm.v0.model.GetEntityIdsEntityinfoTest" name="testGetEntityIdsEntityinfo" time="0"/>
  <testcase classname="com.ibm.analytics.mdm.v0.model.MapResourceMapResourceEntryTest" name="testMapResourceMapResourceEntry" time="0.001"/>
  <testcase classname="com.ibm.analytics.mdm.v0.model.MapResourceMapResourceEntryTest" name="testMapResourceMapResourceEntryError" time="0"/>
  <testcase classname="com.ibm.analytics.mdm.v0.model.MatchingStatusTest" name="testMatchingStatus" time="0"/>
  <testcase classname="com.ibm.analytics.mdm.v0.model.AlgorithmTest" name="testAlgorithm" time="0.014"/>
  <testcase classname="com.ibm.analytics.mdm.v0.model.AlgorithmTest" name="testAlgorithmError" time="0"/>
  <testcase classname="com.ibm.analytics.mdm.v0.model.CompareSpecResourceFeatureCategoryTest" name="testCompareSpecResourceFeatureCategory" time="0.001"/>
  <testcase classname="com.ibm.analytics.mdm.v0.model.RelationshipTest" name="testRelationship" time="0.003"/>
  <testcase classname="com.ibm.analytics.mdm.v0.model.RelationshipTest" name="testRelationshipError" time="0.001"/>
  <testcase classname="com.ibm.analytics.mdm.v0.model.GetRecordsOptionsTest" name="testGetRecordsOptions" time="0.001"/>
  <testcase classname="com.ibm.analytics.mdm.v0.model.GetRecordsOptionsTest" name="testGetRecordsOptionsError" time="0"/>
  <testcase classname="com.ibm.analytics.mdm.v0.model.ElementWithAttributesTest" name="testElementWithAttributes" time="0"/>
  <testcase classname="com.ibm.analytics.mdm.v0.model.ModelModifyInstanceMetadataOptionsTest" name="testModelModifyInstanceMetadataOptions" time="0.001"/>
  <testcase classname="com.ibm.analytics.mdm.v0.model.ModelModifyInstanceMetadataOptionsTest" name="testModelModifyInstanceMetadataOptionsError" time="0"/>
  <testcase classname="com.ibm.analytics.mdm.v0.model.SuggestDataMappingsOptionsTest" name="testSuggestDataMappingsOptions" time="0.001"/>
  <testcase classname="com.ibm.analytics.mdm.v0.model.SuggestDataMappingsOptionsTest" name="testSuggestDataMappingsOptionsError" time="0"/>
  <testcase classname="com.ibm.analytics.mdm.v0.model.DataGetRelatedRecordsForRecordOptionsTest" name="testDataGetRelatedRecordsForRecordOptions" time="0.001"/>
  <testcase classname="com.ibm.analytics.mdm.v0.model.DataGetRelatedRecordsForRecordOptionsTest" name="testDataGetRelatedRecordsForRecordOptionsError" time="0"/>
  <testcase classname="com.ibm.analytics.mdm.v0.model.PutCompositeRulesResponseCompositeRulesTest" name="testPutCompositeRulesResponseCompositeRules" time="0"/>
  <testcase classname="com.ibm.analytics.mdm.v0.model.CompareRecordsRequestRecordTest" name="testCompareRecordsRequestRecord" time="0"/>
  <testcase classname="com.ibm.analytics.mdm.v0.model.CompareRecordsRequestRecordTest" name="testCompareRecordsRequestRecordError" time="0.001"/>
  <testcase classname="com.ibm.analytics.mdm.v0.model.EntityTypeTest" name="testEntityType" time="0"/>
  <testcase classname="com.ibm.analytics.mdm.v0.model.EntityTypeTest" name="testEntityTypeError" time="0"/>
  <testcase classname="com.ibm.analytics.mdm.v0.model.RelationshipTypeTest" name="testRelationshipType" time="0.002"/>
  <testcase classname="com.ibm.analytics.mdm.v0.model.RelationshipTypeTest" name="testRelationshipTypeError" time="0"/>
  <testcase classname="com.ibm.analytics.mdm.v0.model.GetIndexResponseTest" name="testGetIndexResponse" time="0"/>
  <testcase classname="com.ibm.analytics.mdm.v0.model.PostSearchResponseSearchResultTest" name="testPostSearchResponseSearchResult" time="0"/>
  <testcase classname="com.ibm.analytics.mdm.v0.model.DeriveRecordsRequestRecordAttributesTest" name="testDeriveRecordsRequestRecordAttributes" time="0"/>
  <testcase classname="com.ibm.analytics.mdm.v0.model.DataGetStorageMetadataOptionsTest" name="testDataGetStorageMetadataOptions" time="0"/>
  <testcase classname="com.ibm.analytics.mdm.v0.model.DataMappingTest" name="testDataMapping" time="0.001"/>
  <testcase classname="com.ibm.analytics.mdm.v0.model.DataMappingTest" name="testDataMappingError" time="0"/>
  <testcase classname="com.ibm.analytics.mdm.v0.model.ModelListComparespecResouresOptionsTest" name="testModelListComparespecResouresOptions" time="0.001"/>
  <testcase classname="com.ibm.analytics.mdm.v0.model.ModelListComparespecResouresOptionsTest" name="testModelListComparespecResouresOptionsError" time="0"/>
  <testcase classname="com.ibm.analytics.mdm.v0.model.DataGetRecordsForEntityOptionsTest" name="testDataGetRecordsForEntityOptions" time="0.001"/>
  <testcase classname="com.ibm.analytics.mdm.v0.model.DataGetRecordsForEntityOptionsTest" name="testDataGetRecordsForEntityOptionsError" time="0"/>
  <testcase classname="com.ibm.analytics.mdm.v0.model.MatchingStatusMatchingStatusTest" name="testMatchingStatusMatchingStatus" time="0"/>
  <testcase classname="com.ibm.analytics.mdm.v0.model.InitiateMatchingOptionsTest" name="testInitiateMatchingOptions" time="0"/>
  <testcase classname="com.ibm.analytics.mdm.v0.model.InitiateMatchingOptionsTest" name="testInitiateMatchingOptionsError" time="0"/>
  <testcase classname="com.ibm.analytics.mdm.v0.model.CompareIndexOptionsTest" name="testCompareIndexOptions" time="0"/>
  <testcase classname="com.ibm.analytics.mdm.v0.model.CompareIndexOptionsTest" name="testCompareIndexOptionsError" time="0"/>
  <testcase classname="com.ibm.analytics.mdm.v0.model.PutAlgorithmResponseBucketGeneratorTest" name="testPutAlgorithmResponseBucketGenerator" time="0"/>
  <testcase classname="com.ibm.analytics.mdm.v0.model.ProcessStatusStatusTest" name="testProcessStatusStatus" time="0"/>
  <testcase classname="com.ibm.analytics.mdm.v0.model.GetIndexOptionsTest" name="testGetIndexOptions" time="0"/>
  <testcase classname="com.ibm.analytics.mdm.v0.model.GetIndexOptionsTest" name="testGetIndexOptionsError" time="0"/>
  <testcase classname="com.ibm.analytics.mdm.v0.model.AlgorithmCompareMethodTest" name="testAlgorithmCompareMethod" time="0"/>
  <testcase classname="com.ibm.analytics.mdm.v0.model.AlgorithmCompareMethodTest" name="testAlgorithmCompareMethodError" time="0"/>
  <testcase classname="com.ibm.analytics.mdm.v0.model.PropertyTest" name="testProperty" time="0"/>
  <testcase classname="com.ibm.analytics.mdm.v0.model.DataGetRelationshipsForRecordOptionsTest" name="testDataGetRelationshipsForRecordOptions" time="0"/>
  <testcase classname="com.ibm.analytics.mdm.v0.model.DataGetRelationshipsForRecordOptionsTest" name="testDataGetRelationshipsForRecordOptionsError" time="0"/>
  <testcase classname="com.ibm.analytics.mdm.v0.model.MatchEntityCountStatsTest" name="testMatchEntityCountStats" time="0.001"/>
  <testcase classname="com.ibm.analytics.mdm.v0.model.DataGetStorageMetadataResponseOnPremStorageMetadataResponseTest" name="testDataGetStorageMetadataResponseOnPremStorageMetadataResponse" time="0.001"/>
  <testcase classname="com.ibm.analytics.mdm.v0.model.DataModelRelationshipEndpointTest" name="testDataModelRelationshipEndpoint" time="0"/>
  <testcase classname="com.ibm.analytics.mdm.v0.model.DataModelRelationshipRuleTest" name="testDataModelRelationshipRule" time="0"/>
  <testcase classname="com.ibm.analytics.mdm.v0.model.JobResponseTest" name="testJobResponse" time="0"/>
  <testcase classname="com.ibm.analytics.mdm.v0.model.GetConfigDataModelAttributesOptionsTest" name="testGetConfigDataModelAttributesOptions" time="0"/>
  <testcase classname="com.ibm.analytics.mdm.v0.model.GetConfigDataModelAttributesOptionsTest" name="testGetConfigDataModelAttributesOptionsError" time="0"/>
  <testcase classname="com.ibm.analytics.mdm.v0.model.PutDataModelResponseEntityTypeSystemPropertiesTest" name="testPutDataModelResponseEntityTypeSystemProperties" time="0"/>
  <testcase classname="com.ibm.analytics.mdm.v0.model.PutDataModelResponseSystemPropertyTest" name="testPutDataModelResponseSystemProperty" time="0"/>
  <testcase classname="com.ibm.analytics.mdm.v0.model.PublishDataRequestCosDetailsCatalogTest" name="testPublishDataRequestCosDetailsCatalog" time="0"/>
  <testcase classname="com.ibm.analytics.mdm.v0.model.PublishDataRequestCosDetailsProjectTest" name="testPublishDataRequestCosDetailsProject" time="0"/>
  <testcase classname="com.ibm.analytics.mdm.v0.model.DeleteIndexOptionsTest" name="testDeleteIndexOptions" time="0.001"/>
  <testcase classname="com.ibm.analytics.mdm.v0.model.DeleteIndexOptionsTest" name="testDeleteIndexOptionsError" time="0"/>
  <testcase classname="com.ibm.analytics.mdm.v0.model.AlgorithmBucketGroupStepTest" name="testAlgorithmBucketGroupStep" time="0"/>
  <testcase classname="com.ibm.analytics.mdm.v0.model.AlgorithmBucketGroupStepTest" name="testAlgorithmBucketGroupStepError" time="0"/>
  <testcase classname="com.ibm.analytics.mdm.v0.model.GetConfigDataModelOptionsTest" name="testGetConfigDataModelOptions" time="0"/>
  <testcase classname="com.ibm.analytics.mdm.v0.model.GetConfigDataModelOptionsTest" name="testGetConfigDataModelOptionsError" time="0"/>
  <testcase classname="com.ibm.analytics.mdm.v0.model.DataGetStorageMetadataResponseTest" name="testDataGetStorageMetadataResponse" time="0"/>
  <testcase classname="com.ibm.analytics.mdm.v0.model.DataRunBulkLoadOptionsTest" name="testDataRunBulkLoadOptions" time="0.001"/>
  <testcase classname="com.ibm.analytics.mdm.v0.model.PublishModelStatusTest" name="testPublishModelStatus" time="0"/>
  <testcase classname="com.ibm.analytics.mdm.v0.model.PostCloudJobResponseTest" name="testPostCloudJobResponse" time="0"/>
  <testcase classname="com.ibm.analytics.mdm.v0.model.PutDataModelResponseRelationshipRuleTest" name="testPutDataModelResponseRelationshipRule" time="0"/>
  <testcase classname="com.ibm.analytics.mdm.v0.model.PutCompareSpecResourcesResponseTest" name="testPutCompareSpecResourcesResponse" time="0"/>
  <testcase classname="com.ibm.analytics.mdm.v0.model.BucketCredentialsResponseTest" name="testBucketCredentialsResponse" time="0"/>
  <testcase classname="com.ibm.analytics.mdm.v0.model.PutMapResourcesResponseMapResourceEntryTest" name="testPutMapResourcesResponseMapResourceEntry" time="0"/>
  <testcase classname="com.ibm.analytics.mdm.v0.model.AlgorithmStandardizerTest" name="testAlgorithmStandardizer" time="0"/>
  <testcase classname="com.ibm.analytics.mdm.v0.model.AlgorithmStandardizerTest" name="testAlgorithmStandardizerError" time="0.001"/>
  <testcase classname="com.ibm.analytics.mdm.v0.model.DataUpdateSchemaOptionsTest" name="testDataUpdateSchemaOptions" time="0"/>
  <testcase classname="com.ibm.analytics.mdm.v0.model.DataModelSystemPropertyTest" name="testDataModelSystemProperty" time="0"/>
  <testcase classname="com.ibm.analytics.mdm.v0.model.DataModelSystemPropertyTest" name="testDataModelSystemPropertyError" time="0"/>
  <testcase classname="com.ibm.analytics.mdm.v0.model.ModelPatchFlowOptionsTest" name="testModelPatchFlowOptions" time="0.001"/>
  <testcase classname="com.ibm.analytics.mdm.v0.model.ModelPatchFlowOptionsTest" name="testModelPatchFlowOptionsError" time="0"/>
  <testcase classname="com.ibm.analytics.mdm.v0.model.CompareResponseCompareMethodTest" name="testCompareResponseCompareMethod" time="0"/>
  <testcase classname="com.ibm.analytics.mdm.v0.model.PutAlgorithmResponseEncryptionTest" name="testPutAlgorithmResponseEncryption" time="0.001"/>
  <testcase classname="com.ibm.analytics.mdm.v0.model.SuggestedMatchAttributesResponseTest" name="testSuggestedMatchAttributesResponse" time="0"/>
  <testcase classname="com.ibm.analytics.mdm.v0.model.ExpressionRequestTest" name="testExpressionRequest" time="0"/>
  <testcase classname="com.ibm.analytics.mdm.v0.model.ModelGetComparespecResourceOptionsTest" name="testModelGetComparespecResourceOptions" time="0"/>
  <testcase classname="com.ibm.analytics.mdm.v0.model.ModelGetComparespecResourceOptionsTest" name="testModelGetComparespecResourceOptionsError" time="0"/>
  <testcase classname="com.ibm.analytics.mdm.v0.model.SearchQueryRequestTest" name="testSearchQueryRequest" time="0"/>
  <testcase classname="com.ibm.analytics.mdm.v0.model.BulkLoadResponseTest" name="testBulkLoadResponse" time="0"/>
  <testcase classname="com.ibm.analytics.mdm.v0.model.DataGetSubgraphOptionsTest" name="testDataGetSubgraphOptions" time="0.001"/>
  <testcase classname="com.ibm.analytics.mdm.v0.model.PutDataModelResponseAttributeTypeSystemPropertiesTest" name="testPutDataModelResponseAttributeTypeSystemProperties" time="0"/>
  <testcase classname="com.ibm.analytics.mdm.v0.model.InstanceMetadataTest" name="testInstanceMetadata" time="0.001"/>
  <testcase classname="com.ibm.analytics.mdm.v0.model.ModelGetFlowByIdOptionsTest" name="testModelGetFlowByIdOptions" time="0"/>
  <testcase classname="com.ibm.analytics.mdm.v0.model.ModelGetFlowByIdOptionsTest" name="testModelGetFlowByIdOptionsError" time="0.001"/>
  <testcase classname="com.ibm.analytics.mdm.v0.model.DataModelAttributeTypeTest" name="testDataModelAttributeType" time="0.003"/>
  <testcase classname="com.ibm.analytics.mdm.v0.model.DataModelAttributeTypeTest" name="testDataModelAttributeTypeError" time="0"/>
  <testcase classname="com.ibm.analytics.mdm.v0.model.MatchStatisticsMatchStatisticsTest" name="testMatchStatisticsMatchStatistics" time="0.001"/>
  <testcase classname="com.ibm.analytics.mdm.v0.model.ProjectMetadataListResponseTest" name="testProjectMetadataListResponse" time="0"/>
  <testcase classname="com.ibm.analytics.mdm.v0.model.PutAlgorithmResponseStandardizerStepTest" name="testPutAlgorithmResponseStandardizerStep" time="0"/>
  <testcase classname="com.ibm.analytics.mdm.v0.model.DataStructureRequestTest" name="testDataStructureRequest" time="0.001"/>
  <testcase classname="com.ibm.analytics.mdm.v0.model.PutIndexResponseTest" name="testPutIndexResponse" time="0"/>
  <testcase classname="com.ibm.analytics.mdm.v0.model.DataModelAttributeTypeSystemPropertiesTest" name="testDataModelAttributeTypeSystemProperties" time="0"/>
  <testcase classname="com.ibm.analytics.mdm.v0.model.DataModelAttributeTypeSystemPropertiesTest" name="testDataModelAttributeTypeSystemPropertiesError" time="0"/>
  <testcase classname="com.ibm.analytics.mdm.v0.model.AlgorithmEncryptionTest" name="testAlgorithmEncryption" time="0.002"/>
  <testcase classname="com.ibm.analytics.mdm.v0.model.AlgorithmEncryptionTest" name="testAlgorithmEncryptionError" time="0"/>
  <testcase classname="com.ibm.analytics.mdm.v0.model.DataGetRecordOptionsTest" name="testDataGetRecordOptions" time="0"/>
  <testcase classname="com.ibm.analytics.mdm.v0.model.DataGetRecordOptionsTest" name="testDataGetRecordOptionsError" time="0"/>
  <testcase classname="com.ibm.analytics.mdm.v0.model.DataModelRecordTypeSystemPropertiesTest" name="testDataModelRecordTypeSystemProperties" time="0.001"/>
  <testcase classname="com.ibm.analytics.mdm.v0.model.DataModelRecordTypeSystemPropertiesTest" name="testDataModelRecordTypeSystemPropertiesError" time="0"/>
  <testcase classname="com.ibm.analytics.mdm.v0.model.GetProjectMetadataOptionsTest" name="testGetProjectMetadataOptions" time="0.001"/>
  <testcase classname="com.ibm.analytics.mdm.v0.model.GetProjectMetadataOptionsTest" name="testGetProjectMetadataOptionsError" time="0"/>
  <testcase classname="com.ibm.analytics.mdm.v0.model.CompositeRulesTest" name="testCompositeRules" time="0.007"/>
  <testcase classname="com.ibm.analytics.mdm.v0.model.CompositeRulesTest" name="testCompositeRulesError" time="0"/>
  <testcase classname="com.ibm.analytics.mdm.v0.model.StatusTest" name="testStatus" time="0"/>
  <testcase classname="com.ibm.analytics.mdm.v0.model.ModelReplaceMapResourceOptionsTest" name="testModelReplaceMapResourceOptions" time="0.002"/>
  <testcase classname="com.ibm.analytics.mdm.v0.model.ModelReplaceMapResourceOptionsTest" name="testModelReplaceMapResourceOptionsError" time="0"/>
  <testcase classname="com.ibm.analytics.mdm.v0.model.FieldTypeTest" name="testFieldType" time="0"/>
  <testcase classname="com.ibm.analytics.mdm.v0.model.FieldTypeTest" name="testFieldTypeError" time="0.003"/>
  <testcase classname="com.ibm.analytics.mdm.v0.model.DataGenerateBucketCredentialsOptionsTest" name="testDataGenerateBucketCredentialsOptions" time="0"/>
  <testcase classname="com.ibm.analytics.mdm.v0.model.RelationshipsResponseTest" name="testRelationshipsResponse" time="0.001"/>
  <testcase classname="com.ibm.analytics.mdm.v0.model.SyncUpdateElementTest" name="testSyncUpdateElement" time="0.006"/>
  <testcase classname="com.ibm.analytics.mdm.v0.model.GraphStatisticsTest" name="testGraphStatistics" time="0"/>
  <testcase classname="com.ibm.analytics.mdm.v0.model.DataModelEntityTypeTest" name="testDataModelEntityType" time="0"/>
  <testcase classname="com.ibm.analytics.mdm.v0.model.DataModelEntityTypeTest" name="testDataModelEntityTypeError" time="0"/>
  <testcase classname="com.ibm.analytics.mdm.v0.model.ConfigDataModelResponseTest" name="testConfigDataModelResponse" time="0"/>
  <testcase classname="com.ibm.analytics.mdm.v0.model.EntityResponseTest" name="testEntityResponse" time="0"/>
  <testcase classname="com.ibm.analytics.mdm.v0.model.SetResourceNamesTest" name="testSetResourceNames" time="0"/>
  <testcase classname="com.ibm.analytics.mdm.v0.model.PutAlgorithmResponseBucketGroupStepTest" name="testPutAlgorithmResponseBucketGroupStep" time="0.001"/>
  <testcase classname="com.ibm.analytics.mdm.v0.model.EntityTest" name="testEntity" time="0"/>
  <testcase classname="com.ibm.analytics.mdm.v0.model.PutDataModelResponseRecordTypeTest" name="testPutDataModelResponseRecordType" time="0"/>
  <testcase classname="com.ibm.analytics.mdm.v0.model.RetrieveRulesFromRecidOptionsTest" name="testRetrieveRulesFromRecidOptions" time="0"/>
  <testcase classname="com.ibm.analytics.mdm.v0.model.RetrieveRulesFromRecidOptionsTest" name="testRetrieveRulesFromRecidOptionsError" time="0"/>
  <testcase classname="com.ibm.analytics.mdm.v0.model.SystemPropertiesForEntityTypesTest" name="testSystemPropertiesForEntityTypes" time="0.001"/>
  <testcase classname="com.ibm.analytics.mdm.v0.model.SystemPropertiesForEntityTypesTest" name="testSystemPropertiesForEntityTypesError" time="0"/>
  <testcase classname="com.ibm.analytics.mdm.v0.model.ConfigDataModelAttributesTest" name="testConfigDataModelAttributes" time="0"/>
  <testcase classname="com.ibm.analytics.mdm.v0.model.CloudDeriveJobOptionsTest" name="testCloudDeriveJobOptions" time="0.001"/>
  <testcase classname="com.ibm.analytics.mdm.v0.model.CloudDeriveJobOptionsTest" name="testCloudDeriveJobOptionsError" time="0"/>
  <testcase classname="com.ibm.analytics.mdm.v0.model.StatisticsResultResponseTest" name="testStatisticsResultResponse" time="0.001"/>
  <testcase classname="com.ibm.analytics.mdm.v0.model.SuggestMatchingAttributesOptionsTest" name="testSuggestMatchingAttributesOptions" time="0.001"/>
  <testcase classname="com.ibm.analytics.mdm.v0.model.SuggestMatchingAttributesOptionsTest" name="testSuggestMatchingAttributesOptionsError" time="0"/>
  <testcase classname="com.ibm.analytics.mdm.v0.model.MatchIndexOptionsTest" name="testMatchIndexOptions" time="0.001"/>
  <testcase classname="com.ibm.analytics.mdm.v0.model.MatchIndexOptionsTest" name="testMatchIndexOptionsError" time="0"/>
  <testcase classname="com.ibm.analytics.mdm.v0.model.RulesRequestRuleTest" name="testRulesRequestRule" time="0.001"/>
  <testcase classname="com.ibm.analytics.mdm.v0.model.RulesRequestRuleTest" name="testRulesRequestRuleError" time="0"/>
  <testcase classname="com.ibm.analytics.mdm.v0.model.AlgorithmStandardizerStepTest" name="testAlgorithmStandardizerStep" time="0"/>
  <testcase classname="com.ibm.analytics.mdm.v0.model.AlgorithmStandardizerStepTest" name="testAlgorithmStandardizerStepError" time="0"/>
  <testcase classname="com.ibm.analytics.mdm.v0.model.SearchResultResponseTest" name="testSearchResultResponse" time="0"/>
  <testcase classname="com.ibm.analytics.mdm.v0.model.ProjectMetadataResponseProjectMetadataTest" name="testProjectMetadataResponseProjectMetadata" time="0"/>
  <testcase classname="com.ibm.analytics.mdm.v0.model.PutCompositeRulesResponseRulesTest" name="testPutCompositeRulesResponseRules" time="0"/>
  <testcase classname="com.ibm.analytics.mdm.v0.model.EntitiesResponseTest" name="testEntitiesResponse" time="0"/>
  <testcase classname="com.ibm.analytics.mdm.v0.model.ModelModifyDataModelOptionsTest" name="testModelModifyDataModelOptions" time="0.007"/>
  <testcase classname="com.ibm.analytics.mdm.v0.model.ModelModifyDataModelOptionsTest" name="testModelModifyDataModelOptionsError" time="0"/>
  <testcase classname="com.ibm.analytics.mdm.v0.model.PutDataModelResponseDataModelTest" name="testPutDataModelResponseDataModel" time="0"/>
  <testcase classname="com.ibm.analytics.mdm.v0.model.AlgorithmBucketGeneratorTest" name="testAlgorithmBucketGenerator" time="0"/>
  <testcase classname="com.ibm.analytics.mdm.v0.model.AlgorithmBucketGeneratorTest" name="testAlgorithmBucketGeneratorError" time="0"/>
  <testcase classname="com.ibm.analytics.mdm.v0.model.PutDataModelResponseRelationshipTypeTest" name="testPutDataModelResponseRelationshipType" time="0.001"/>
  <testcase classname="com.ibm.analytics.mdm.v0.model.ModelListMapResourcesOptionsTest" name="testModelListMapResourcesOptions" time="0.001"/>
  <testcase classname="com.ibm.analytics.mdm.v0.model.ModelListMapResourcesOptionsTest" name="testModelListMapResourcesOptionsError" time="0"/>
  <testcase classname="com.ibm.analytics.mdm.v0.model.GetMatchingStatisticsOptionsTest" name="testGetMatchingStatisticsOptions" time="0.001"/>
  <testcase classname="com.ibm.analytics.mdm.v0.model.GetMatchingStatisticsOptionsTest" name="testGetMatchingStatisticsOptionsError" time="0"/>
  <testcase classname="com.ibm.analytics.mdm.v0.model.RecordsResponseTest" name="testRecordsResponse" time="0.001"/>
  <testcase classname="com.ibm.analytics.mdm.v0.model.CompositeRulesRulesTest" name="testCompositeRulesRules" time="0.006"/>
  <testcase classname="com.ibm.analytics.mdm.v0.model.CompositeRulesRulesTest" name="testCompositeRulesRulesError" time="0"/>
  <testcase classname="com.ibm.analytics.mdm.v0.model.DataSourceRequestTest" name="testDataSourceRequest" time="0.001"/>
  <testcase classname="com.ibm.analytics.mdm.v0.model.DataModelRelationshipTypeTest" name="testDataModelRelationshipType" time="0.002"/>
  <testcase classname="com.ibm.analytics.mdm.v0.model.DataModelRelationshipTypeTest" name="testDataModelRelationshipTypeError" time="0"/>
  <testcase classname="com.ibm.analytics.mdm.v0.model.CompareResponseComparatorTest" name="testCompareResponseComparator" time="0"/>
  <testcase classname="com.ibm.analytics.mdm.v0.model.ModelReplaceSetResourceOptionsTest" name="testModelReplaceSetResourceOptions" time="0.003"/>
  <testcase classname="com.ibm.analytics.mdm.v0.model.ModelReplaceSetResourceOptionsTest" name="testModelReplaceSetResourceOptionsError" time="0"/>
  <testcase classname="com.ibm.analytics.mdm.v0.model.SetResourceSetResourceEntryTest" name="testSetResourceSetResourceEntry" time="0.001"/>
  <testcase classname="com.ibm.analytics.mdm.v0.model.SetResourceSetResourceEntryTest" name="testSetResourceSetResourceEntryError" time="0"/>
  <testcase classname="com.ibm.analytics.mdm.v0.model.SubgraphVertexResponseTest" name="testSubgraphVertexResponse" time="0"/>
  <testcase classname="com.ibm.analytics.mdm.v0.model.AlgorithmBucketStepTest" name="testAlgorithmBucketStep" time="0"/>
  <testcase classname="com.ibm.analytics.mdm.v0.model.AlgorithmBucketStepTest" name="testAlgorithmBucketStepError" time="0"/>
  <testcase classname="com.ibm.analytics.mdm.v0.model.PostSearchResponseCompareMethodTest" name="testPostSearchResponseCompareMethod" time="0"/>
  <testcase classname="com.ibm.analytics.mdm.v0.model.DataModelTest" name="testDataModel" time="0.013"/>
  <testcase classname="com.ibm.analytics.mdm.v0.model.DataModelTest" name="testDataModelError" time="0.001"/>
  <testcase classname="com.ibm.analytics.mdm.v0.model.CompareResponseTest" name="testCompareResponse" time="0"/>
  <testcase classname="com.ibm.analytics.mdm.v0.model.GetProcessStatusOptionsTest" name="testGetProcessStatusOptions" time="0"/>
  <testcase classname="com.ibm.analytics.mdm.v0.model.GetProcessStatusOptionsTest" name="testGetProcessStatusOptionsError" time="0"/>
  <testcase classname="com.ibm.analytics.mdm.v0.model.BucketCredentialsTest" name="testBucketCredentials" time="0.001"/>
  <testcase classname="com.ibm.analytics.mdm.v0.model.ModelReplaceAlgorithmOptionsTest" name="testModelReplaceAlgorithmOptions" time="0.008"/>
  <testcase classname="com.ibm.analytics.mdm.v0.model.ModelReplaceAlgorithmOptionsTest" name="testModelReplaceAlgorithmOptionsError" time="0"/>
  <testcase classname="com.ibm.analytics.mdm.v0.model.DataRunBulkUpdateOptionsTest" name="testDataRunBulkUpdateOptions" time="0.005"/>
  <testcase classname="com.ibm.analytics.mdm.v0.model.ModelUpdateAlgorithmOptionsTest" name="testModelUpdateAlgorithmOptions" time="0.009"/>
  <testcase classname="com.ibm.analytics.mdm.v0.model.ModelUpdateAlgorithmOptionsTest" name="testModelUpdateAlgorithmOptionsError" time="0"/>
  <testcase classname="com.ibm.analytics.mdm.v0.model.DataModelFieldTest" name="testDataModelField" time="0"/>
  <testcase classname="com.ibm.analytics.mdm.v0.model.DataModelFieldTest" name="testDataModelFieldError" time="0"/>
  <testcase classname="com.ibm.analytics.mdm.v0.model.MatchEntitySizeStatsTest" name="testMatchEntitySizeStats" time="0"/>
  <testcase classname="com.ibm.analytics.mdm.v0.model.DataGetJobOptionsTest" name="testDataGetJobOptions" time="0"/>
  <testcase classname="com.ibm.analytics.mdm.v0.model.DataGetJobOptionsTest" name="testDataGetJobOptionsError" time="0"/>
  <testcase classname="com.ibm.analytics.mdm.v0.model.SingleRecordRequestAttributesTest" name="testSingleRecordRequestAttributes" time="0"/>
  <testcase classname="com.ibm.analytics.mdm.v0.model.PutAlgorithmResponseEntityTypeTest" name="testPutAlgorithmResponseEntityType" time="0.001"/>
  <testcase classname="com.ibm.analytics.mdm.v0.model.ProjectMetadataTest" name="testProjectMetadata" time="0"/>
  <testcase classname="com.ibm.analytics.mdm.v0.model.ProjectMetadataTest" name="testProjectMetadataError" time="0"/>
  <testcase classname="com.ibm.analytics.mdm.v0.model.ModelGetCompositeRulesOptionsTest" name="testModelGetCompositeRulesOptions" time="0"/>
  <testcase classname="com.ibm.analytics.mdm.v0.model.ModelGetCompositeRulesOptionsTest" name="testModelGetCompositeRulesOptionsError" time="0"/>
  <testcase classname="com.ibm.analytics.mdm.v0.model.TargetObjectTest" name="testTargetObject" time="0"/>
  <testcase classname="com.ibm.analytics.mdm.v0.model.PutSetResourcesResponseSetResourceEntryTest" name="testPutSetResourcesResponseSetResourceEntry" time="0"/>
  <testcase classname="com.ibm.analytics.mdm.v0.model.ExportResponseTest" name="testExportResponse" time="0"/>
  <testcase classname="com.ibm.analytics.mdm.v0.model.ModelUpdateCompositeRulesOptionsTest" name="testModelUpdateCompositeRulesOptions" time="0.005"/>
  <testcase classname="com.ibm.analytics.mdm.v0.model.ModelUpdateCompositeRulesOptionsTest" name="testModelUpdateCompositeRulesOptionsError" time="0.001"/>
  <testcase classname="com.ibm.analytics.mdm.v0.model.CompareRecordsRequestRecordAttributesTest" name="testCompareRecordsRequestRecordAttributes" time="0"/>
  <testcase classname="com.ibm.analytics.mdm.v0.model.PutAlgorithmResponseBucketStepTest" name="testPutAlgorithmResponseBucketStep" time="0"/>
  <testcase classname="com.ibm.analytics.mdm.v0.model.GetSummaryResponseTest" name="testGetSummaryResponse" time="0"/>
  <testcase classname="com.ibm.analytics.mdm.v0.model.PutDataModelResponseAttributeTypeTest" name="testPutDataModelResponseAttributeType" time="0"/>
  <testcase classname="com.ibm.analytics.mdm.v0.model.SubgraphEdgeTest" name="testSubgraphEdge" time="0"/>
  <testcase classname="com.ibm.analytics.mdm.v0.model.CloudReportIndexOptionsTest" name="testCloudReportIndexOptions" time="0"/>
  <testcase classname="com.ibm.analytics.mdm.v0.model.CloudReportIndexOptionsTest" name="testCloudReportIndexOptionsError" time="0"/>
  <testcase classname="com.ibm.analytics.mdm.v0.model.CloudMatchJobOptionsTest" name="testCloudMatchJobOptions" time="0.001"/>
  <testcase classname="com.ibm.analytics.mdm.v0.model.CloudMatchJobOptionsTest" name="testCloudMatchJobOptionsError" time="0"/>
  <testcase classname="com.ibm.analytics.mdm.v0.model.PutDataModelResponseRelationshipEndpointTest" name="testPutDataModelResponseRelationshipEndpoint" time="0"/>
  <testcase classname="com.ibm.analytics.mdm.v0.model.ProjectMetadataResponseTest" name="testProjectMetadataResponse" time="0"/>
  <testcase classname="com.ibm.analytics.mdm.v0.model.DataGetExportsOptionsTest" name="testDataGetExportsOptions" time="0"/>
  <testcase classname="com.ibm.analytics.mdm.v0.model.AlgorithmEntityTypeTest" name="testAlgorithmEntityType" time="0.004"/>
  <testcase classname="com.ibm.analytics.mdm.v0.model.AlgorithmEntityTypeTest" name="testAlgorithmEntityTypeError" time="0"/>
</testsuite>